0 verbose cli C:\Program Files\nodejs\node.exe C:\Program Files\nodejs\node_modules\npm\bin\npm-cli.js
1 info using npm@10.9.2
2 info using node@v22.15.0
3 silly config load:file:C:\Program Files\nodejs\node_modules\npm\npmrc
4 silly config load:file:C:\Users\DELL\Desktop\enterprise\enterprise-ai-platform\frontend\.npmrc
5 silly config load:file:C:\Users\DELL\.npmrc
6 silly config load:file:C:\Users\DELL\AppData\Roaming\npm\etc\npmrc
7 verbose title npm install
8 verbose argv "install"
9 verbose logfile logs-max:10 dir:C:\Users\DELL\Desktop\enterprise\enterprise-ai-platform\frontend\%AppData%\npm-cache\_logs\2025-12-02T12_14_47_663Z-
10 verbose logfile C:\Users\DELL\Desktop\enterprise\enterprise-ai-platform\frontend\%AppData%\npm-cache\_logs\2025-12-02T12_14_47_663Z-debug-0.log
11 silly logfile done cleaning log files
12 silly packumentCache heap:2197815296 maxSize:549453824 maxEntrySize:274726912
13 silly idealTree buildDeps
14 silly fetch manifest @emotion/react@^11.11.1
15 silly packumentCache full:https://registry.npmjs.org/@emotion%2freact cache-miss
16 http fetch GET 200 https://registry.npmjs.org/@emotion%2freact 310ms (cache miss)
17 silly packumentCache full:https://registry.npmjs.org/@emotion%2freact set size:undefined disposed:false
18 silly fetch manifest react@^18.2.0
19 silly packumentCache full:https://registry.npmjs.org/react cache-miss
20 http fetch GET 200 https://registry.npmjs.org/npm 567ms
21 http fetch GET 200 https://registry.npmjs.org/react 622ms (cache miss)
22 silly packumentCache full:https://registry.npmjs.org/react set size:undefined disposed:false
23 silly fetch manifest @emotion/styled@^11.11.0
24 silly packumentCache full:https://registry.npmjs.org/@emotion%2fstyled cache-miss
25 http fetch GET 200 https://registry.npmjs.org/@emotion%2fstyled 430ms (cache miss)
26 silly packumentCache full:https://registry.npmjs.org/@emotion%2fstyled set size:undefined disposed:false
27 silly fetch manifest @mui/icons-material@^5.14.18
28 silly packumentCache full:https://registry.npmjs.org/@mui%2ficons-material cache-miss
29 http fetch GET 200 https://registry.npmjs.org/@mui%2ficons-material 444ms (cache miss)
30 silly packumentCache full:https://registry.npmjs.org/@mui%2ficons-material set size:undefined disposed:false
31 silly fetch manifest @mui/material@^5.14.18
32 silly packumentCache full:https://registry.npmjs.org/@mui%2fmaterial cache-miss
33 http fetch GET 200 https://registry.npmjs.org/@mui%2fmaterial 740ms (cache miss)
34 silly packumentCache full:https://registry.npmjs.org/@mui%2fmaterial set size:undefined disposed:false
35 silly fetch manifest @types/react@^18.2.39
36 silly packumentCache full:https://registry.npmjs.org/@types%2freact cache-miss
37 http fetch GET 200 https://registry.npmjs.org/@types%2freact 311ms (cache miss)
38 silly packumentCache full:https://registry.npmjs.org/@types%2freact set size:undefined disposed:false
39 silly fetch manifest react-dom@^18.2.0
40 silly packumentCache full:https://registry.npmjs.org/react-dom cache-miss
41 http fetch GET 200 https://registry.npmjs.org/react-dom 535ms (cache miss)
42 silly packumentCache full:https://registry.npmjs.org/react-dom set size:undefined disposed:false
43 silly fetch manifest @mui/x-charts@^6.18.1
44 silly packumentCache full:https://registry.npmjs.org/@mui%2fx-charts cache-miss
45 http fetch GET 200 https://registry.npmjs.org/@mui%2fx-charts 370ms (cache miss)
46 silly packumentCache full:https://registry.npmjs.org/@mui%2fx-charts set size:undefined disposed:false
47 silly fetch manifest @mui/system@^5.4.1
48 silly packumentCache full:https://registry.npmjs.org/@mui%2fsystem cache-miss
49 http fetch GET 200 https://registry.npmjs.org/@mui%2fsystem 131ms (cache miss)
50 silly packumentCache full:https://registry.npmjs.org/@mui%2fsystem set size:undefined disposed:false
51 silly fetch manifest @mui/x-data-grid@^6.18.2
52 silly packumentCache full:https://registry.npmjs.org/@mui%2fx-data-grid cache-miss
53 http fetch GET 200 https://registry.npmjs.org/@mui%2fx-data-grid 398ms (cache miss)
54 silly packumentCache full:https://registry.npmjs.org/@mui%2fx-data-grid set size:undefined disposed:false
55 silly fetch manifest axios@^1.6.2
56 silly packumentCache full:https://registry.npmjs.org/axios cache-miss
57 http fetch GET 200 https://registry.npmjs.org/axios 254ms (cache miss)
58 silly packumentCache full:https://registry.npmjs.org/axios set size:undefined disposed:false
59 silly fetch manifest react-router-dom@^6.20.1
60 silly packumentCache full:https://registry.npmjs.org/react-router-dom cache-miss
61 http fetch GET 200 https://registry.npmjs.org/react-router-dom 197ms (cache miss)
62 silly packumentCache full:https://registry.npmjs.org/react-router-dom set size:undefined disposed:false
63 silly fetch manifest react-scripts@5.0.1
64 silly packumentCache full:https://registry.npmjs.org/react-scripts cache-miss
65 http fetch GET 200 https://registry.npmjs.org/react-scripts 97ms (cache miss)
66 silly packumentCache full:https://registry.npmjs.org/react-scripts set size:undefined disposed:false
67 silly fetch manifest typescript@^5.3.2
68 silly packumentCache full:https://registry.npmjs.org/typescript cache-miss
69 http fetch GET 200 https://registry.npmjs.org/typescript 540ms (cache miss)
70 silly packumentCache full:https://registry.npmjs.org/typescript set size:undefined disposed:false
71 silly fetch manifest typescript@^3.2.1 || ^4
72 silly packumentCache full:https://registry.npmjs.org/typescript cache-miss
73 http cache https://registry.npmjs.org/typescript 94ms (cache hit)
74 silly packumentCache full:https://registry.npmjs.org/typescript set size:14964201 disposed:false
75 silly fetch manifest recharts@^2.10.3
76 silly packumentCache full:https://registry.npmjs.org/recharts cache-miss
77 http fetch GET 200 https://registry.npmjs.org/recharts 209ms (cache miss)
78 silly packumentCache full:https://registry.npmjs.org/recharts set size:undefined disposed:false
79 silly fetch manifest socket.io-client@^4.7.2
80 silly packumentCache full:https://registry.npmjs.org/socket.io-client cache-miss
81 http fetch GET 200 https://registry.npmjs.org/socket.io-client 186ms (cache miss)
82 silly packumentCache full:https://registry.npmjs.org/socket.io-client set size:undefined disposed:false
83 silly fetch manifest @types/react-dom@^18.2.17
84 silly packumentCache full:https://registry.npmjs.org/@types%2freact-dom cache-miss
85 http fetch GET 200 https://registry.npmjs.org/@types%2freact-dom 183ms (cache miss)
86 silly packumentCache full:https://registry.npmjs.org/@types%2freact-dom set size:undefined disposed:false
87 silly placeDep ROOT @emotion/react@11.14.0 OK for: ai-platform-dashboard@1.0.0 want: ^11.11.1
88 silly placeDep ROOT react@18.3.1 OK for: @emotion/react@11.14.0 want: >=16.8.0
89 silly placeDep ROOT @emotion/styled@11.14.1 OK for: ai-platform-dashboard@1.0.0 want: ^11.11.0
90 silly placeDep ROOT @mui/icons-material@5.18.0 OK for: ai-platform-dashboard@1.0.0 want: ^5.14.18
91 silly placeDep ROOT @mui/material@5.18.0 OK for: @mui/icons-material@5.18.0 want: ^5.0.0
92 silly placeDep ROOT react-dom@18.3.1 OK for: @mui/material@5.18.0 want: ^17.0.0 || ^18.0.0 || ^19.0.0
93 silly placeDep ROOT @mui/x-charts@6.19.8 OK for: ai-platform-dashboard@1.0.0 want: ^6.18.1
94 silly placeDep ROOT @mui/system@5.18.0 OK for: @mui/x-charts@6.19.8 want: ^5.4.1
95 silly placeDep ROOT @mui/x-data-grid@6.20.4 OK for: ai-platform-dashboard@1.0.0 want: ^6.18.2
96 silly placeDep ROOT @types/react@18.3.27 OK for: ai-platform-dashboard@1.0.0 want: ^18.2.39
97 silly placeDep ROOT @types/react-dom@18.3.7 OK for: ai-platform-dashboard@1.0.0 want: ^18.2.17
98 silly placeDep ROOT axios@1.13.2 OK for: ai-platform-dashboard@1.0.0 want: ^1.6.2
99 silly placeDep ROOT react-router-dom@6.30.2 OK for: ai-platform-dashboard@1.0.0 want: ^6.20.1
100 silly placeDep ROOT react-scripts@5.0.1 OK for: ai-platform-dashboard@1.0.0 want: 5.0.1
101 silly placeDep ROOT recharts@2.15.4 OK for: ai-platform-dashboard@1.0.0 want: ^2.10.3
102 silly placeDep ROOT socket.io-client@4.8.1 OK for: ai-platform-dashboard@1.0.0 want: ^4.7.2
103 silly placeDep ROOT typescript@5.9.3 OK for: ai-platform-dashboard@1.0.0 want: ^5.3.2
104 silly fetch manifest @babel/runtime@^7.18.3
105 silly packumentCache full:https://registry.npmjs.org/@babel%2fruntime cache-miss
106 silly fetch manifest @emotion/babel-plugin@^11.13.5
107 silly packumentCache full:https://registry.npmjs.org/@emotion%2fbabel-plugin cache-miss
108 silly fetch manifest @emotion/cache@^11.14.0
109 silly packumentCache full:https://registry.npmjs.org/@emotion%2fcache cache-miss
110 silly fetch manifest @emotion/serialize@^1.3.3
111 silly packumentCache full:https://registry.npmjs.org/@emotion%2fserialize cache-miss
112 silly fetch manifest @emotion/use-insertion-effect-with-fallbacks@^1.2.0
113 silly packumentCache full:https://registry.npmjs.org/@emotion%2fuse-insertion-effect-with-fallbacks cache-miss
114 silly fetch manifest @emotion/utils@^1.4.2
115 silly packumentCache full:https://registry.npmjs.org/@emotion%2futils cache-miss
116 silly fetch manifest @emotion/weak-memoize@^0.4.0
117 silly packumentCache full:https://registry.npmjs.org/@emotion%2fweak-memoize cache-miss
118 http fetch GET 200 https://registry.npmjs.org/@emotion%2fbabel-plugin 325ms (cache miss)
119 silly packumentCache full:https://registry.npmjs.org/@emotion%2fbabel-plugin set size:undefined disposed:false
120 silly fetch manifest hoist-non-react-statics@^3.3.1
121 silly packumentCache full:https://registry.npmjs.org/hoist-non-react-statics cache-miss
122 http fetch GET 200 https://registry.npmjs.org/@emotion%2fweak-memoize 386ms (cache miss)
123 silly packumentCache full:https://registry.npmjs.org/@emotion%2fweak-memoize set size:undefined disposed:false
124 silly fetch manifest loose-envify@^1.1.0
125 silly packumentCache full:https://registry.npmjs.org/loose-envify cache-miss
126 http fetch GET 200 https://registry.npmjs.org/@emotion%2fuse-insertion-effect-with-fallbacks 426ms (cache miss)
127 silly packumentCache full:https://registry.npmjs.org/@emotion%2fuse-insertion-effect-with-fallbacks set size:undefined disposed:false
128 silly fetch manifest @babel/runtime@^7.18.3
129 silly packumentCache full:https://registry.npmjs.org/@babel%2fruntime cache-miss
130 http fetch GET 200 https://registry.npmjs.org/@emotion%2futils 438ms (cache miss)
131 silly packumentCache full:https://registry.npmjs.org/@emotion%2futils set size:undefined disposed:false
132 silly fetch manifest @emotion/is-prop-valid@^1.3.0
133 silly packumentCache full:https://registry.npmjs.org/@emotion%2fis-prop-valid cache-miss
134 http fetch GET 200 https://registry.npmjs.org/hoist-non-react-statics 124ms (cache miss)
135 silly packumentCache full:https://registry.npmjs.org/hoist-non-react-statics set size:undefined disposed:false
136 silly fetch manifest @emotion/serialize@^1.3.3
137 silly packumentCache full:https://registry.npmjs.org/@emotion%2fserialize cache-miss
138 http fetch GET 200 https://registry.npmjs.org/@emotion%2fserialize 457ms (cache miss)
139 silly packumentCache full:https://registry.npmjs.org/@emotion%2fserialize set size:undefined disposed:false
140 silly fetch manifest @babel/runtime@^7.23.9
141 silly packumentCache full:https://registry.npmjs.org/@babel%2fruntime cache-miss
142 http fetch GET 200 https://registry.npmjs.org/@emotion%2fcache 485ms (cache miss)
143 silly packumentCache full:https://registry.npmjs.org/@emotion%2fcache set size:undefined disposed:false
144 silly fetch manifest clsx@^2.1.0
145 silly packumentCache full:https://registry.npmjs.org/clsx cache-miss
146 http cache https://registry.npmjs.org/@emotion%2fserialize 40ms (cache hit)
147 silly packumentCache full:https://registry.npmjs.org/@emotion%2fserialize set size:167908 disposed:false
148 silly fetch manifest csstype@^3.1.3
149 silly packumentCache full:https://registry.npmjs.org/csstype cache-miss
150 http fetch GET 200 https://registry.npmjs.org/loose-envify 111ms (cache miss)
151 silly packumentCache full:https://registry.npmjs.org/loose-envify set size:undefined disposed:false
152 silly fetch manifest react-is@^19.0.0
153 silly packumentCache full:https://registry.npmjs.org/react-is cache-miss
154 http fetch GET 200 https://registry.npmjs.org/@babel%2fruntime 525ms (cache miss)
155 silly packumentCache full:https://registry.npmjs.org/@babel%2fruntime set size:undefined disposed:false
156 silly fetch manifest @mui/types@~7.2.15
157 silly packumentCache full:https://registry.npmjs.org/@mui%2ftypes cache-miss
158 http fetch GET 200 https://registry.npmjs.org/@emotion%2fis-prop-valid 158ms (cache miss)
159 silly packumentCache full:https://registry.npmjs.org/@emotion%2fis-prop-valid set size:undefined disposed:false
160 silly fetch manifest @mui/utils@^5.17.1
161 silly packumentCache full:https://registry.npmjs.org/@mui%2futils cache-miss
162 http fetch GET 200 https://registry.npmjs.org/clsx 146ms (cache miss)
163 silly packumentCache full:https://registry.npmjs.org/clsx set size:undefined disposed:false
164 silly fetch manifest prop-types@^15.8.1
165 silly packumentCache full:https://registry.npmjs.org/prop-types cache-miss
166 http fetch GET 200 https://registry.npmjs.org/@babel%2fruntime 278ms (cache miss)
167 silly packumentCache full:https://registry.npmjs.org/@babel%2fruntime set size:undefined disposed:false
168 silly fetch manifest @mui/system@^5.18.0
169 silly packumentCache full:https://registry.npmjs.org/@mui%2fsystem cache-miss
170 http cache https://registry.npmjs.org/@mui%2fsystem 69ms (cache hit)
171 silly packumentCache full:https://registry.npmjs.org/@mui%2fsystem set size:655727 disposed:false
172 silly fetch manifest @babel/runtime@^7.23.9
173 silly packumentCache full:https://registry.npmjs.org/@babel%2fruntime cache-miss
174 http fetch GET 200 https://registry.npmjs.org/@mui%2ftypes 289ms (cache miss)
175 silly packumentCache full:https://registry.npmjs.org/@mui%2ftypes set size:undefined disposed:false
176 silly fetch manifest @popperjs/core@^2.11.8
177 silly packumentCache full:https://registry.npmjs.org/@popperjs%2fcore cache-miss
178 http fetch GET 200 https://registry.npmjs.org/csstype 360ms (cache miss)
179 silly packumentCache full:https://registry.npmjs.org/csstype set size:undefined disposed:false
180 silly fetch manifest react-transition-group@^4.4.5
181 silly packumentCache full:https://registry.npmjs.org/react-transition-group cache-miss
182 http fetch GET 200 https://registry.npmjs.org/@babel%2fruntime 425ms (cache miss)
183 silly packumentCache full:https://registry.npmjs.org/@babel%2fruntime set size:undefined disposed:false
184 silly fetch manifest @mui/core-downloads-tracker@^5.18.0
185 silly packumentCache full:https://registry.npmjs.org/@mui%2fcore-downloads-tracker cache-miss
186 http fetch GET 200 https://registry.npmjs.org/prop-types 328ms (cache miss)
187 silly packumentCache full:https://registry.npmjs.org/prop-types set size:undefined disposed:false
188 silly fetch manifest @types/react-transition-group@^4.4.10
189 silly packumentCache full:https://registry.npmjs.org/@types%2freact-transition-group cache-miss
190 http cache https://registry.npmjs.org/@babel%2fruntime 143ms (cache hit)
191 silly packumentCache full:https://registry.npmjs.org/@babel%2fruntime set size:3239112 disposed:false
192 silly fetch manifest scheduler@^0.23.2
193 silly packumentCache full:https://registry.npmjs.org/scheduler cache-miss
194 http fetch GET 200 https://registry.npmjs.org/react-transition-group 214ms (cache miss)
195 silly packumentCache full:https://registry.npmjs.org/react-transition-group set size:undefined disposed:false
196 silly fetch manifest clsx@^2.0.0
197 silly packumentCache full:https://registry.npmjs.org/clsx cache-miss
198 http fetch GET 200 https://registry.npmjs.org/@mui%2futils 481ms (cache miss)
199 silly packumentCache full:https://registry.npmjs.org/@mui%2futils set size:undefined disposed:false
200 silly fetch manifest d3-color@^3.1.0
201 silly packumentCache full:https://registry.npmjs.org/d3-color cache-miss
202 http cache https://registry.npmjs.org/clsx 62ms (cache hit)
203 silly packumentCache full:https://registry.npmjs.org/clsx set size:42506 disposed:false
204 silly fetch manifest d3-scale@^4.0.2
205 silly packumentCache full:https://registry.npmjs.org/d3-scale cache-miss
206 http fetch GET 200 https://registry.npmjs.org/@mui%2fcore-downloads-tracker 220ms (cache miss)
207 silly packumentCache full:https://registry.npmjs.org/@mui%2fcore-downloads-tracker set size:undefined disposed:false
208 silly fetch manifest d3-shape@^3.2.0
209 silly packumentCache full:https://registry.npmjs.org/d3-shape cache-miss
210 http fetch GET 200 https://registry.npmjs.org/@popperjs%2fcore 317ms (cache miss)
211 silly packumentCache full:https://registry.npmjs.org/@popperjs%2fcore set size:undefined disposed:false
212 silly fetch manifest @mui/base@^5.0.0-beta.22
213 silly packumentCache full:https://registry.npmjs.org/@mui%2fbase cache-miss
214 http fetch GET 200 https://registry.npmjs.org/@types%2freact-transition-group 221ms (cache miss)
215 silly packumentCache full:https://registry.npmjs.org/@types%2freact-transition-group set size:undefined disposed:false
216 silly fetch manifest @babel/runtime@^7.23.2
217 silly packumentCache full:https://registry.npmjs.org/@babel%2fruntime cache-miss
218 http cache https://registry.npmjs.org/@babel%2fruntime 76ms (cache hit)
219 silly packumentCache full:https://registry.npmjs.org/@babel%2fruntime set size:3239112 disposed:false
220 silly fetch manifest @react-spring/web@^9.7.3
221 silly packumentCache full:https://registry.npmjs.org/@react-spring%2fweb cache-miss
222 http fetch GET 200 https://registry.npmjs.org/d3-color 265ms (cache miss)
223 silly packumentCache full:https://registry.npmjs.org/d3-color set size:undefined disposed:false
224 silly fetch manifest @react-spring/rafz@^9.7.3
225 silly packumentCache full:https://registry.npmjs.org/@react-spring%2frafz cache-miss
226 http fetch GET 200 https://registry.npmjs.org/d3-shape 304ms (cache miss)
227 silly packumentCache full:https://registry.npmjs.org/d3-shape set size:undefined disposed:false
228 silly fetch manifest @mui/styled-engine@^5.18.0
229 silly packumentCache full:https://registry.npmjs.org/@mui%2fstyled-engine cache-miss
230 http fetch GET 200 https://registry.npmjs.org/@mui%2fbase 301ms (cache miss)
231 silly packumentCache full:https://registry.npmjs.org/@mui%2fbase set size:undefined disposed:false
232 silly fetch manifest @mui/private-theming@^5.17.1
233 silly packumentCache full:https://registry.npmjs.org/@mui%2fprivate-theming cache-miss
234 http fetch GET 200 https://registry.npmjs.org/d3-scale 371ms (cache miss)
235 silly packumentCache full:https://registry.npmjs.org/d3-scale set size:undefined disposed:false
236 silly fetch manifest reselect@^4.1.8
237 silly packumentCache full:https://registry.npmjs.org/reselect cache-miss
238 http fetch GET 200 https://registry.npmjs.org/react-is 1100ms (cache miss)
239 silly packumentCache full:https://registry.npmjs.org/react-is set size:undefined disposed:false
240 silly fetch manifest @mui/utils@^5.14.16
241 silly packumentCache full:https://registry.npmjs.org/@mui%2futils cache-miss
242 http fetch GET 200 https://registry.npmjs.org/@mui%2fstyled-engine 205ms (cache miss)
243 silly packumentCache full:https://registry.npmjs.org/@mui%2fstyled-engine set size:undefined disposed:false
244 silly fetch manifest csstype@^3.2.2
245 silly packumentCache full:https://registry.npmjs.org/csstype cache-miss
246 http cache https://registry.npmjs.org/@mui%2futils 48ms (cache hit)
247 silly packumentCache full:https://registry.npmjs.org/@mui%2futils set size:420606 disposed:false
248 silly fetch manifest @types/prop-types@*
249 silly packumentCache full:https://registry.npmjs.org/@types%2fprop-types cache-miss
250 http cache https://registry.npmjs.org/csstype 52ms (cache hit)
251 silly packumentCache full:https://registry.npmjs.org/csstype set size:274189 disposed:false
252 silly fetch manifest follow-redirects@^1.15.6
253 silly packumentCache full:https://registry.npmjs.org/follow-redirects cache-miss
254 http fetch GET 200 https://registry.npmjs.org/@react-spring%2fweb 460ms (cache miss)
255 silly packumentCache full:https://registry.npmjs.org/@react-spring%2fweb set size:undefined disposed:false
256 silly fetch manifest form-data@^4.0.4
257 silly packumentCache full:https://registry.npmjs.org/form-data cache-miss
258 http fetch GET 200 https://registry.npmjs.org/@mui%2fprivate-theming 317ms (cache miss)
259 silly packumentCache full:https://registry.npmjs.org/@mui%2fprivate-theming set size:undefined disposed:false
260 silly fetch manifest proxy-from-env@^1.1.0
261 silly packumentCache full:https://registry.npmjs.org/proxy-from-env cache-miss
262 http fetch GET 200 https://registry.npmjs.org/@react-spring%2frafz 469ms (cache miss)
263 silly packumentCache full:https://registry.npmjs.org/@react-spring%2frafz set size:undefined disposed:false
264 silly fetch manifest react-router@6.30.2
265 silly packumentCache full:https://registry.npmjs.org/react-router cache-miss
266 http fetch GET 200 https://registry.npmjs.org/@types%2fprop-types 126ms (cache miss)
267 silly packumentCache full:https://registry.npmjs.org/@types%2fprop-types set size:undefined disposed:false
268 silly fetch manifest @remix-run/router@1.23.1
269 silly packumentCache full:https://registry.npmjs.org/@remix-run%2frouter cache-miss
270 http fetch GET 200 https://registry.npmjs.org/reselect 335ms (cache miss)
271 silly packumentCache full:https://registry.npmjs.org/reselect set size:undefined disposed:false
272 silly fetch manifest bfj@^7.0.2
273 silly packumentCache full:https://registry.npmjs.org/bfj cache-miss
274 http fetch GET 200 https://registry.npmjs.org/follow-redirects 156ms (cache miss)
275 silly packumentCache full:https://registry.npmjs.org/follow-redirects set size:undefined disposed:false
276 silly fetch manifest jest@^27.4.3
277 silly packumentCache full:https://registry.npmjs.org/jest cache-miss
278 http fetch GET 200 https://registry.npmjs.org/proxy-from-env 106ms (cache miss)
279 silly packumentCache full:https://registry.npmjs.org/proxy-from-env set size:undefined disposed:false
280 silly fetch manifest dotenv@^10.0.0
281 silly packumentCache full:https://registry.npmjs.org/dotenv cache-miss
282 http fetch GET 200 https://registry.npmjs.org/form-data 144ms (cache miss)
283 silly packumentCache full:https://registry.npmjs.org/form-data set size:undefined disposed:false
284 silly fetch manifest eslint@^8.3.0
285 silly packumentCache full:https://registry.npmjs.org/eslint cache-miss
286 http fetch GET 200 https://registry.npmjs.org/scheduler 949ms (cache miss)
287 silly packumentCache full:https://registry.npmjs.org/scheduler set size:undefined disposed:false
288 silly fetch manifest semver@^7.3.5
289 silly packumentCache full:https://registry.npmjs.org/semver cache-miss
290 http fetch GET 200 https://registry.npmjs.org/bfj 220ms (cache miss)
291 silly packumentCache full:https://registry.npmjs.org/bfj set size:undefined disposed:false
292 silly fetch manifest postcss@^8.4.4
293 silly packumentCache full:https://registry.npmjs.org/postcss cache-miss
294 http fetch GET 200 https://registry.npmjs.org/@remix-run%2frouter 280ms (cache miss)
295 silly packumentCache full:https://registry.npmjs.org/@remix-run%2frouter set size:undefined disposed:false
296 silly fetch manifest prompts@^2.4.2
297 silly packumentCache full:https://registry.npmjs.org/prompts cache-miss
298 http fetch GET 200 https://registry.npmjs.org/dotenv 226ms (cache miss)
299 silly packumentCache full:https://registry.npmjs.org/dotenv set size:undefined disposed:false
300 silly fetch manifest resolve@^1.20.0
301 silly packumentCache full:https://registry.npmjs.org/resolve cache-miss
302 http fetch GET 200 https://registry.npmjs.org/semver 147ms (cache miss)
303 silly packumentCache full:https://registry.npmjs.org/semver set size:undefined disposed:false
304 silly fetch manifest webpack@^5.64.4
305 silly packumentCache full:https://registry.npmjs.org/webpack cache-miss
306 http fetch GET 200 https://registry.npmjs.org/jest 290ms (cache miss)
307 silly packumentCache full:https://registry.npmjs.org/jest set size:undefined disposed:false
308 silly fetch manifest fs-extra@^10.0.0
309 silly packumentCache full:https://registry.npmjs.org/fs-extra cache-miss
310 http fetch GET 200 https://registry.npmjs.org/prompts 124ms (cache miss)
311 silly packumentCache full:https://registry.npmjs.org/prompts set size:undefined disposed:false
312 silly fetch manifest camelcase@^6.2.1
313 silly packumentCache full:https://registry.npmjs.org/camelcase cache-miss
314 http fetch GET 200 https://registry.npmjs.org/resolve 131ms (cache miss)
315 silly packumentCache full:https://registry.npmjs.org/resolve set size:undefined disposed:false
316 silly fetch manifest babel-jest@^27.4.2
317 silly packumentCache full:https://registry.npmjs.org/babel-jest cache-miss
318 http fetch GET 200 https://registry.npmjs.org/eslint 355ms (cache miss)
319 silly packumentCache full:https://registry.npmjs.org/eslint set size:undefined disposed:false
320 silly fetch manifest css-loader@^6.5.1
321 silly packumentCache full:https://registry.npmjs.org/css-loader cache-miss
322 http fetch GET 200 https://registry.npmjs.org/postcss 259ms (cache miss)
323 silly packumentCache full:https://registry.npmjs.org/postcss set size:undefined disposed:false
324 silly fetch manifest @babel/core@^7.16.0
325 silly packumentCache full:https://registry.npmjs.org/@babel%2fcore cache-miss
326 http fetch GET 200 https://registry.npmjs.org/camelcase 183ms (cache miss)
327 silly packumentCache full:https://registry.npmjs.org/camelcase set size:undefined disposed:false
328 silly fetch manifest file-loader@^6.2.0
329 silly packumentCache full:https://registry.npmjs.org/file-loader cache-miss
330 http fetch GET 200 https://registry.npmjs.org/react-router 630ms (cache miss)
331 silly packumentCache full:https://registry.npmjs.org/react-router set size:undefined disposed:false
332 silly fetch manifest sass-loader@^12.3.0
333 silly packumentCache full:https://registry.npmjs.org/sass-loader cache-miss
334 http fetch GET 200 https://registry.npmjs.org/fs-extra 316ms (cache miss)
335 silly packumentCache full:https://registry.npmjs.org/fs-extra set size:undefined disposed:false
336 silly fetch manifest tailwindcss@^3.0.2
337 silly packumentCache full:https://registry.npmjs.org/tailwindcss cache-miss
338 http fetch GET 200 https://registry.npmjs.org/file-loader 149ms (cache miss)
339 silly packumentCache full:https://registry.npmjs.org/file-loader set size:undefined disposed:false
340 silly fetch manifest babel-loader@^8.2.3
341 silly packumentCache full:https://registry.npmjs.org/babel-loader cache-miss
342 http fetch GET 200 https://registry.npmjs.org/babel-jest 367ms (cache miss)
343 silly packumentCache full:https://registry.npmjs.org/babel-jest set size:undefined disposed:false
344 silly fetch manifest browserslist@^4.18.1
345 silly packumentCache full:https://registry.npmjs.org/browserslist cache-miss
346 http fetch GET 200 https://registry.npmjs.org/css-loader 356ms (cache miss)
347 silly packumentCache full:https://registry.npmjs.org/css-loader set size:undefined disposed:false
348 silly fetch manifest jest-resolve@^27.4.2
349 silly packumentCache full:https://registry.npmjs.org/jest-resolve cache-miss
350 http fetch GET 200 https://registry.npmjs.org/@babel%2fcore 391ms (cache miss)
351 silly packumentCache full:https://registry.npmjs.org/@babel%2fcore set size:undefined disposed:false
352 silly fetch manifest style-loader@^3.3.1
353 silly packumentCache full:https://registry.npmjs.org/style-loader cache-miss
354 http fetch GET 200 https://registry.npmjs.org/babel-loader 199ms (cache miss)
355 silly packumentCache full:https://registry.npmjs.org/babel-loader set size:undefined disposed:false
356 silly fetch manifest @svgr/webpack@^5.5.0
357 silly packumentCache full:https://registry.npmjs.org/@svgr%2fwebpack cache-miss
358 http fetch GET 200 https://registry.npmjs.org/sass-loader 293ms (cache miss)
359 silly packumentCache full:https://registry.npmjs.org/sass-loader set size:undefined disposed:false
360 silly fetch manifest dotenv-expand@^5.1.0
361 silly packumentCache full:https://registry.npmjs.org/dotenv-expand cache-miss
362 http fetch GET 200 https://registry.npmjs.org/webpack 748ms (cache miss)
363 silly packumentCache full:https://registry.npmjs.org/webpack set size:undefined disposed:false
364 silly fetch manifest react-refresh@^0.11.0
365 silly packumentCache full:https://registry.npmjs.org/react-refresh cache-miss
366 http fetch GET 200 https://registry.npmjs.org/browserslist 428ms (cache miss)
367 silly packumentCache full:https://registry.npmjs.org/browserslist set size:undefined disposed:false
368 silly fetch manifest postcss-loader@^6.2.1
369 silly packumentCache full:https://registry.npmjs.org/postcss-loader cache-miss
370 http fetch GET 200 https://registry.npmjs.org/dotenv-expand 331ms (cache miss)
371 silly packumentCache full:https://registry.npmjs.org/dotenv-expand set size:undefined disposed:false
372 silly fetch manifest react-dev-utils@^12.0.1
373 silly packumentCache full:https://registry.npmjs.org/react-dev-utils cache-miss
374 http fetch GET 200 https://registry.npmjs.org/style-loader 392ms (cache miss)
375 silly packumentCache full:https://registry.npmjs.org/style-loader set size:undefined disposed:false
376 silly fetch manifest postcss-normalize@^10.0.1
377 silly packumentCache full:https://registry.npmjs.org/postcss-normalize cache-miss
378 http fetch GET 200 https://registry.npmjs.org/@svgr%2fwebpack 378ms (cache miss)
379 silly packumentCache full:https://registry.npmjs.org/@svgr%2fwebpack set size:undefined disposed:false
380 silly fetch manifest source-map-loader@^3.0.0
381 silly packumentCache full:https://registry.npmjs.org/source-map-loader cache-miss
382 http fetch GET 200 https://registry.npmjs.org/jest-resolve 512ms (cache miss)
383 silly packumentCache full:https://registry.npmjs.org/jest-resolve set size:undefined disposed:false
384 silly fetch manifest identity-obj-proxy@^3.0.0
385 silly packumentCache full:https://registry.npmjs.org/identity-obj-proxy cache-miss
386 http fetch GET 200 https://registry.npmjs.org/postcss-normalize 164ms (cache miss)
387 silly packumentCache full:https://registry.npmjs.org/postcss-normalize set size:undefined disposed:false
388 silly fetch manifest postcss-preset-env@^7.0.1
389 silly packumentCache full:https://registry.npmjs.org/postcss-preset-env cache-miss
390 http fetch GET 200 https://registry.npmjs.org/source-map-loader 157ms (cache miss)
391 silly packumentCache full:https://registry.npmjs.org/source-map-loader set size:undefined disposed:false
392 silly fetch manifest react-app-polyfill@^3.0.0
393 silly packumentCache full:https://registry.npmjs.org/react-app-polyfill cache-miss
394 http fetch GET 200 https://registry.npmjs.org/postcss-loader 238ms (cache miss)
395 silly packumentCache full:https://registry.npmjs.org/postcss-loader set size:undefined disposed:false
396 silly fetch manifest resolve-url-loader@^4.0.0
397 silly packumentCache full:https://registry.npmjs.org/resolve-url-loader cache-miss
398 http fetch GET 200 https://registry.npmjs.org/react-dev-utils 246ms (cache miss)
399 silly packumentCache full:https://registry.npmjs.org/react-dev-utils set size:undefined disposed:false
400 silly fetch manifest webpack-dev-server@^4.6.0
401 silly packumentCache full:https://registry.npmjs.org/webpack-dev-server cache-miss
402 http fetch GET 200 https://registry.npmjs.org/identity-obj-proxy 186ms (cache miss)
403 silly packumentCache full:https://registry.npmjs.org/identity-obj-proxy set size:undefined disposed:false
404 silly fetch manifest html-webpack-plugin@^5.5.0
405 silly packumentCache full:https://registry.npmjs.org/html-webpack-plugin cache-miss
406 http fetch GET 200 https://registry.npmjs.org/react-app-polyfill 106ms (cache miss)
407 silly packumentCache full:https://registry.npmjs.org/react-app-polyfill set size:undefined disposed:false
408 silly fetch manifest jest-watch-typeahead@^1.0.0
409 silly packumentCache full:https://registry.npmjs.org/jest-watch-typeahead cache-miss
410 http fetch GET 200 https://registry.npmjs.org/postcss-preset-env 143ms (cache miss)
411 silly packumentCache full:https://registry.npmjs.org/postcss-preset-env set size:undefined disposed:false
412 silly fetch manifest eslint-webpack-plugin@^3.1.1
413 silly packumentCache full:https://registry.npmjs.org/eslint-webpack-plugin cache-miss
414 http fetch GET 200 https://registry.npmjs.org/resolve-url-loader 166ms (cache miss)
415 silly packumentCache full:https://registry.npmjs.org/resolve-url-loader set size:undefined disposed:false
416 silly fetch manifest terser-webpack-plugin@^5.2.5
417 silly packumentCache full:https://registry.npmjs.org/terser-webpack-plugin cache-miss
418 http fetch GET 200 https://registry.npmjs.org/jest-watch-typeahead 109ms (cache miss)
419 silly packumentCache full:https://registry.npmjs.org/jest-watch-typeahead set size:undefined disposed:false
420 silly fetch manifest babel-preset-react-app@^10.0.1
421 silly packumentCache full:https://registry.npmjs.org/babel-preset-react-app cache-miss
422 http fetch GET 200 https://registry.npmjs.org/html-webpack-plugin 195ms (cache miss)
423 silly packumentCache full:https://registry.npmjs.org/html-webpack-plugin set size:undefined disposed:false
424 silly fetch manifest postcss-flexbugs-fixes@^5.0.2
425 silly packumentCache full:https://registry.npmjs.org/postcss-flexbugs-fixes cache-miss
426 http fetch GET 200 https://registry.npmjs.org/webpack-dev-server 239ms (cache miss)
427 silly packumentCache full:https://registry.npmjs.org/webpack-dev-server set size:undefined disposed:false
428 silly fetch manifest workbox-webpack-plugin@^6.4.1
429 silly packumentCache full:https://registry.npmjs.org/workbox-webpack-plugin cache-miss
430 http fetch GET 200 https://registry.npmjs.org/eslint-webpack-plugin 188ms (cache miss)
431 silly packumentCache full:https://registry.npmjs.org/eslint-webpack-plugin set size:undefined disposed:false
432 silly fetch manifest eslint-config-react-app@^7.0.1
433 silly packumentCache full:https://registry.npmjs.org/eslint-config-react-app cache-miss
434 http fetch GET 200 https://registry.npmjs.org/babel-preset-react-app 157ms (cache miss)
435 silly packumentCache full:https://registry.npmjs.org/babel-preset-react-app set size:undefined disposed:false
436 silly fetch manifest mini-css-extract-plugin@^2.4.5
437 silly packumentCache full:https://registry.npmjs.org/mini-css-extract-plugin cache-miss
438 http fetch GET 200 https://registry.npmjs.org/postcss-flexbugs-fixes 115ms (cache miss)
439 silly packumentCache full:https://registry.npmjs.org/postcss-flexbugs-fixes set size:undefined disposed:false
440 silly fetch manifest webpack-manifest-plugin@^4.0.2
441 silly packumentCache full:https://registry.npmjs.org/webpack-manifest-plugin cache-miss
442 http fetch GET 200 https://registry.npmjs.org/terser-webpack-plugin 199ms (cache miss)
443 silly packumentCache full:https://registry.npmjs.org/terser-webpack-plugin set size:undefined disposed:false
444 silly fetch manifest css-minimizer-webpack-plugin@^3.2.0
445 silly packumentCache full:https://registry.npmjs.org/css-minimizer-webpack-plugin cache-miss
446 http fetch GET 200 https://registry.npmjs.org/tailwindcss 1272ms (cache miss)
447 silly packumentCache full:https://registry.npmjs.org/tailwindcss set size:undefined disposed:false
448 silly fetch manifest babel-plugin-named-asset-import@^0.3.8
449 silly packumentCache full:https://registry.npmjs.org/babel-plugin-named-asset-import cache-miss
450 http fetch GET 200 https://registry.npmjs.org/react-refresh 1001ms (cache miss)
451 silly packumentCache full:https://registry.npmjs.org/react-refresh set size:undefined disposed:false
452 silly fetch manifest case-sensitive-paths-webpack-plugin@^2.4.0
453 silly packumentCache full:https://registry.npmjs.org/case-sensitive-paths-webpack-plugin cache-miss
454 http fetch GET 200 https://registry.npmjs.org/eslint-config-react-app 399ms (cache miss)
455 silly packumentCache full:https://registry.npmjs.org/eslint-config-react-app set size:undefined disposed:false
456 silly fetch manifest @pmmmwh/react-refresh-webpack-plugin@^0.5.3
457 silly packumentCache full:https://registry.npmjs.org/@pmmmwh%2freact-refresh-webpack-plugin cache-miss
458 http fetch GET 200 https://registry.npmjs.org/workbox-webpack-plugin 425ms (cache miss)
459 silly packumentCache full:https://registry.npmjs.org/workbox-webpack-plugin set size:undefined disposed:false
460 silly fetch manifest fsevents@^2.3.2
461 silly packumentCache full:https://registry.npmjs.org/fsevents cache-miss
462 http fetch GET 200 https://registry.npmjs.org/css-minimizer-webpack-plugin 383ms (cache miss)
463 silly packumentCache full:https://registry.npmjs.org/css-minimizer-webpack-plugin set size:undefined disposed:false
464 silly fetch manifest lodash@^4.17.21
465 silly packumentCache full:https://registry.npmjs.org/lodash cache-miss
466 http fetch GET 200 https://registry.npmjs.org/webpack-manifest-plugin 405ms (cache miss)
467 silly packumentCache full:https://registry.npmjs.org/webpack-manifest-plugin set size:undefined disposed:false
468 silly fetch manifest react-is@^18.3.1
469 silly packumentCache full:https://registry.npmjs.org/react-is cache-miss
470 http fetch GET 200 https://registry.npmjs.org/babel-plugin-named-asset-import 199ms (cache miss)
471 silly packumentCache full:https://registry.npmjs.org/babel-plugin-named-asset-import set size:undefined disposed:false
472 silly fetch manifest react-smooth@^4.0.4
473 silly packumentCache full:https://registry.npmjs.org/react-smooth cache-miss
474 http fetch GET 200 https://registry.npmjs.org/mini-css-extract-plugin 433ms (cache miss)
475 silly packumentCache full:https://registry.npmjs.org/mini-css-extract-plugin set size:undefined disposed:false
476 silly fetch manifest eventemitter3@^4.0.1
477 silly packumentCache full:https://registry.npmjs.org/eventemitter3 cache-miss
478 http fetch GET 200 https://registry.npmjs.org/case-sensitive-paths-webpack-plugin 117ms (cache miss)
479 silly packumentCache full:https://registry.npmjs.org/case-sensitive-paths-webpack-plugin set size:undefined disposed:false
480 silly fetch manifest recharts-scale@^0.4.4
481 silly packumentCache full:https://registry.npmjs.org/recharts-scale cache-miss
482 http cache https://registry.npmjs.org/react-is 90ms (cache hit)
483 silly packumentCache full:https://registry.npmjs.org/react-is set size:5098500 disposed:false
484 silly fetch manifest tiny-invariant@^1.3.1
485 silly packumentCache full:https://registry.npmjs.org/tiny-invariant cache-miss
486 http fetch GET 200 https://registry.npmjs.org/fsevents 306ms (cache miss)
487 silly packumentCache full:https://registry.npmjs.org/fsevents set size:undefined disposed:false
488 silly fetch manifest victory-vendor@^36.6.8
489 silly packumentCache full:https://registry.npmjs.org/victory-vendor cache-miss
490 http fetch GET 200 https://registry.npmjs.org/eventemitter3 250ms (cache miss)
491 silly packumentCache full:https://registry.npmjs.org/eventemitter3 set size:undefined disposed:false
492 silly fetch manifest @socket.io/component-emitter@~3.1.0
493 silly packumentCache full:https://registry.npmjs.org/@socket.io%2fcomponent-emitter cache-miss
494 http fetch GET 200 https://registry.npmjs.org/recharts-scale 249ms (cache miss)
495 silly packumentCache full:https://registry.npmjs.org/recharts-scale set size:undefined disposed:false
496 silly fetch manifest debug@~4.3.2
497 silly packumentCache full:https://registry.npmjs.org/debug cache-miss
498 http fetch GET 200 https://registry.npmjs.org/lodash 297ms (cache miss)
499 silly packumentCache full:https://registry.npmjs.org/lodash set size:undefined disposed:false
500 silly fetch manifest engine.io-client@~6.6.1
501 silly packumentCache full:https://registry.npmjs.org/engine.io-client cache-miss
502 http fetch GET 200 https://registry.npmjs.org/react-smooth 306ms (cache miss)
503 silly packumentCache full:https://registry.npmjs.org/react-smooth set size:undefined disposed:false
504 silly fetch manifest socket.io-parser@~4.2.4
505 silly packumentCache full:https://registry.npmjs.org/socket.io-parser cache-miss
506 http fetch GET 200 https://registry.npmjs.org/@pmmmwh%2freact-refresh-webpack-plugin 381ms (cache miss)
507 silly packumentCache full:https://registry.npmjs.org/@pmmmwh%2freact-refresh-webpack-plugin set size:undefined disposed:false
508 http fetch GET 200 https://registry.npmjs.org/tiny-invariant 141ms (cache miss)
509 silly packumentCache full:https://registry.npmjs.org/tiny-invariant set size:undefined disposed:false
510 http fetch GET 200 https://registry.npmjs.org/victory-vendor 128ms (cache miss)
511 silly packumentCache full:https://registry.npmjs.org/victory-vendor set size:undefined disposed:false
512 http fetch GET 200 https://registry.npmjs.org/debug 125ms (cache miss)
513 silly packumentCache full:https://registry.npmjs.org/debug set size:undefined disposed:false
514 http fetch GET 200 https://registry.npmjs.org/@socket.io%2fcomponent-emitter 146ms (cache miss)
515 silly packumentCache full:https://registry.npmjs.org/@socket.io%2fcomponent-emitter set size:undefined disposed:false
516 http fetch GET 200 https://registry.npmjs.org/socket.io-parser 135ms (cache miss)
517 silly packumentCache full:https://registry.npmjs.org/socket.io-parser set size:undefined disposed:false
518 http fetch GET 200 https://registry.npmjs.org/engine.io-client 167ms (cache miss)
519 silly packumentCache full:https://registry.npmjs.org/engine.io-client set size:undefined disposed:false
520 silly fetch manifest react@>=16.8.0
521 silly packumentCache full:https://registry.npmjs.org/react cache-miss
522 http cache https://registry.npmjs.org/react 36ms (cache hit)
523 silly packumentCache full:https://registry.npmjs.org/react set size:6287832 disposed:false
524 silly placeDep ROOT @babel/runtime@7.28.4 OK for: @emotion/react@11.14.0 want: ^7.18.3
525 silly placeDep ROOT @emotion/babel-plugin@11.13.5 OK for: @emotion/react@11.14.0 want: ^11.13.5
526 silly placeDep ROOT @emotion/cache@11.14.0 OK for: @emotion/react@11.14.0 want: ^11.14.0
527 silly placeDep ROOT @emotion/serialize@1.3.3 OK for: @emotion/react@11.14.0 want: ^1.3.3
528 silly placeDep ROOT @emotion/use-insertion-effect-with-fallbacks@1.2.0 OK for: @emotion/react@11.14.0 want: ^1.2.0
529 silly placeDep ROOT @emotion/utils@1.4.2 OK for: @emotion/react@11.14.0 want: ^1.4.2
530 silly placeDep ROOT @emotion/weak-memoize@0.4.0 OK for: @emotion/react@11.14.0 want: ^0.4.0
531 silly placeDep ROOT hoist-non-react-statics@3.3.2 OK for: @emotion/react@11.14.0 want: ^3.3.1
532 silly fetch manifest @babel/helper-module-imports@^7.16.7
533 silly packumentCache full:https://registry.npmjs.org/@babel%2fhelper-module-imports cache-miss
534 silly fetch manifest @emotion/hash@^0.9.2
535 silly packumentCache full:https://registry.npmjs.org/@emotion%2fhash cache-miss
536 silly fetch manifest @emotion/memoize@^0.9.0
537 silly packumentCache full:https://registry.npmjs.org/@emotion%2fmemoize cache-miss
538 silly fetch manifest babel-plugin-macros@^3.1.0
539 silly packumentCache full:https://registry.npmjs.org/babel-plugin-macros cache-miss
540 silly fetch manifest convert-source-map@^1.5.0
541 silly packumentCache full:https://registry.npmjs.org/convert-source-map cache-miss
542 silly fetch manifest escape-string-regexp@^4.0.0
543 silly packumentCache full:https://registry.npmjs.org/escape-string-regexp cache-miss
544 silly fetch manifest find-root@^1.1.0
545 silly packumentCache full:https://registry.npmjs.org/find-root cache-miss
546 http fetch GET 200 https://registry.npmjs.org/babel-plugin-macros 212ms (cache miss)
547 silly packumentCache full:https://registry.npmjs.org/babel-plugin-macros set size:undefined disposed:false
548 silly fetch manifest source-map@^0.5.7
549 silly packumentCache full:https://registry.npmjs.org/source-map cache-miss
550 http fetch GET 200 https://registry.npmjs.org/escape-string-regexp 260ms (cache miss)
551 silly packumentCache full:https://registry.npmjs.org/escape-string-regexp set size:undefined disposed:false
552 silly fetch manifest stylis@4.2.0
553 silly packumentCache full:https://registry.npmjs.org/stylis cache-miss
554 http fetch GET 200 https://registry.npmjs.org/find-root 274ms (cache miss)
555 silly packumentCache full:https://registry.npmjs.org/find-root set size:undefined disposed:false
556 silly fetch manifest @emotion/memoize@^0.9.0
557 silly packumentCache full:https://registry.npmjs.org/@emotion%2fmemoize cache-miss
558 http fetch GET 200 https://registry.npmjs.org/@emotion%2fmemoize 284ms (cache miss)
559 silly packumentCache full:https://registry.npmjs.org/@emotion%2fmemoize set size:undefined disposed:false
560 silly fetch manifest @emotion/sheet@^1.4.0
561 silly packumentCache full:https://registry.npmjs.org/@emotion%2fsheet cache-miss
562 http fetch GET 200 https://registry.npmjs.org/@babel%2fhelper-module-imports 300ms (cache miss)
563 silly packumentCache full:https://registry.npmjs.org/@babel%2fhelper-module-imports set size:undefined disposed:false
564 silly fetch manifest stylis@4.2.0
565 silly packumentCache full:https://registry.npmjs.org/stylis cache-miss
566 http fetch GET 200 https://registry.npmjs.org/convert-source-map 316ms (cache miss)
567 silly packumentCache full:https://registry.npmjs.org/convert-source-map set size:undefined disposed:false
568 silly fetch manifest @emotion/hash@^0.9.2
569 silly packumentCache full:https://registry.npmjs.org/@emotion%2fhash cache-miss
570 http fetch GET 200 https://registry.npmjs.org/@emotion%2fhash 334ms (cache miss)
571 silly packumentCache full:https://registry.npmjs.org/@emotion%2fhash set size:undefined disposed:false
572 silly fetch manifest @emotion/unitless@^0.10.0
573 silly packumentCache full:https://registry.npmjs.org/@emotion%2funitless cache-miss
574 http cache https://registry.npmjs.org/@emotion%2fmemoize 140ms (cache hit)
575 silly packumentCache full:https://registry.npmjs.org/@emotion%2fmemoize set size:42731 disposed:false
576 silly fetch manifest csstype@^3.0.2
577 silly packumentCache full:https://registry.npmjs.org/csstype cache-hit
578 silly fetch manifest react-is@^16.7.0
579 silly packumentCache full:https://registry.npmjs.org/react-is cache-miss
580 http cache https://registry.npmjs.org/@emotion%2fhash 106ms (cache hit)
581 silly packumentCache full:https://registry.npmjs.org/@emotion%2fhash set size:40996 disposed:false
582 http fetch GET 200 https://registry.npmjs.org/@emotion%2fsheet 174ms (cache miss)
583 silly packumentCache full:https://registry.npmjs.org/@emotion%2fsheet set size:undefined disposed:false
584 http fetch GET 200 https://registry.npmjs.org/source-map 240ms (cache miss)
585 silly packumentCache full:https://registry.npmjs.org/source-map set size:undefined disposed:false
586 http cache https://registry.npmjs.org/react-is 94ms (cache hit)
587 silly packumentCache full:https://registry.npmjs.org/react-is set size:5098500 disposed:false
588 http fetch GET 200 https://registry.npmjs.org/stylis 339ms (cache miss)
589 silly packumentCache full:https://registry.npmjs.org/stylis set size:undefined disposed:false
590 http fetch GET 200 https://registry.npmjs.org/stylis 312ms (cache miss)
591 silly packumentCache full:https://registry.npmjs.org/stylis set size:undefined disposed:false
592 http fetch GET 200 https://registry.npmjs.org/@emotion%2funitless 295ms (cache miss)
593 silly packumentCache full:https://registry.npmjs.org/@emotion%2funitless set size:undefined disposed:false
594 silly placeDep ROOT @babel/helper-module-imports@7.27.1 OK for: @emotion/babel-plugin@11.13.5 want: ^7.16.7
595 silly placeDep ROOT @emotion/hash@0.9.2 OK for: @emotion/babel-plugin@11.13.5 want: ^0.9.2
596 silly placeDep ROOT @emotion/memoize@0.9.0 OK for: @emotion/babel-plugin@11.13.5 want: ^0.9.0
597 silly placeDep ROOT babel-plugin-macros@3.1.0 OK for: @emotion/babel-plugin@11.13.5 want: ^3.1.0
598 silly placeDep ROOT convert-source-map@1.9.0 OK for: @emotion/babel-plugin@11.13.5 want: ^1.5.0
599 silly placeDep ROOT escape-string-regexp@4.0.0 OK for: @emotion/babel-plugin@11.13.5 want: ^4.0.0
600 silly placeDep ROOT find-root@1.1.0 OK for: @emotion/babel-plugin@11.13.5 want: ^1.1.0
601 silly placeDep ROOT source-map@0.5.7 OK for: @emotion/babel-plugin@11.13.5 want: ^0.5.7
602 silly placeDep ROOT stylis@4.2.0 OK for: @emotion/babel-plugin@11.13.5 want: 4.2.0
603 silly fetch manifest @babel/types@^7.27.1
604 silly packumentCache full:https://registry.npmjs.org/@babel%2ftypes cache-miss
605 silly fetch manifest @babel/traverse@^7.27.1
606 silly packumentCache full:https://registry.npmjs.org/@babel%2ftraverse cache-miss
607 silly fetch manifest cosmiconfig@^7.0.0
608 silly packumentCache full:https://registry.npmjs.org/cosmiconfig cache-miss
609 silly fetch manifest resolve@^1.19.0
610 silly packumentCache full:https://registry.npmjs.org/resolve cache-miss
611 http cache https://registry.npmjs.org/resolve 16ms (cache hit)
612 silly packumentCache full:https://registry.npmjs.org/resolve set size:246681 disposed:false
613 http fetch GET 200 https://registry.npmjs.org/cosmiconfig 233ms (cache miss)
614 silly packumentCache full:https://registry.npmjs.org/cosmiconfig set size:undefined disposed:false
615 http fetch GET 200 https://registry.npmjs.org/@babel%2ftraverse 302ms (cache miss)
616 silly packumentCache full:https://registry.npmjs.org/@babel%2ftraverse set size:undefined disposed:false
617 http fetch GET 200 https://registry.npmjs.org/@babel%2ftypes 322ms (cache miss)
618 silly packumentCache full:https://registry.npmjs.org/@babel%2ftypes set size:undefined disposed:false
619 silly placeDep ROOT @babel/traverse@7.28.5 OK for: @babel/helper-module-imports@7.27.1 want: ^7.27.1
620 silly placeDep ROOT @babel/types@7.28.5 OK for: @babel/helper-module-imports@7.27.1 want: ^7.27.1
621 silly fetch manifest @babel/code-frame@^7.27.1
622 silly packumentCache full:https://registry.npmjs.org/@babel%2fcode-frame cache-miss
623 silly fetch manifest @babel/generator@^7.28.5
624 silly packumentCache full:https://registry.npmjs.org/@babel%2fgenerator cache-miss
625 silly fetch manifest @babel/helper-globals@^7.28.0
626 silly packumentCache full:https://registry.npmjs.org/@babel%2fhelper-globals cache-miss
627 silly fetch manifest @babel/parser@^7.28.5
628 silly packumentCache full:https://registry.npmjs.org/@babel%2fparser cache-miss
629 silly fetch manifest @babel/template@^7.27.2
630 silly packumentCache full:https://registry.npmjs.org/@babel%2ftemplate cache-miss
631 silly fetch manifest @babel/types@^7.28.5
632 silly packumentCache full:https://registry.npmjs.org/@babel%2ftypes cache-miss
633 silly fetch manifest debug@^4.3.1
634 silly packumentCache full:https://registry.npmjs.org/debug cache-miss
635 http cache https://registry.npmjs.org/@babel%2ftypes 24ms (cache hit)
636 silly packumentCache full:https://registry.npmjs.org/@babel%2ftypes set size:475698 disposed:false
637 silly fetch manifest @babel/helper-string-parser@^7.27.1
638 silly packumentCache full:https://registry.npmjs.org/@babel%2fhelper-string-parser cache-miss
639 http cache https://registry.npmjs.org/debug 34ms (cache hit)
640 silly packumentCache full:https://registry.npmjs.org/debug set size:195840 disposed:false
641 silly fetch manifest @babel/helper-validator-identifier@^7.28.5
642 silly packumentCache full:https://registry.npmjs.org/@babel%2fhelper-validator-identifier cache-miss
643 http fetch GET 200 https://registry.npmjs.org/@babel%2fhelper-string-parser 121ms (cache miss)
644 silly packumentCache full:https://registry.npmjs.org/@babel%2fhelper-string-parser set size:undefined disposed:false
645 http fetch GET 200 https://registry.npmjs.org/@babel%2ftemplate 196ms (cache miss)
646 silly packumentCache full:https://registry.npmjs.org/@babel%2ftemplate set size:undefined disposed:false
647 http fetch GET 200 https://registry.npmjs.org/@babel%2fgenerator 228ms (cache miss)
648 silly packumentCache full:https://registry.npmjs.org/@babel%2fgenerator set size:undefined disposed:false
649 http fetch GET 200 https://registry.npmjs.org/@babel%2fcode-frame 254ms (cache miss)
650 silly packumentCache full:https://registry.npmjs.org/@babel%2fcode-frame set size:undefined disposed:false
651 http fetch GET 200 https://registry.npmjs.org/@babel%2fhelper-globals 260ms (cache miss)
652 silly packumentCache full:https://registry.npmjs.org/@babel%2fhelper-globals set size:undefined disposed:false
653 http fetch GET 200 https://registry.npmjs.org/@babel%2fhelper-validator-identifier 233ms (cache miss)
654 silly packumentCache full:https://registry.npmjs.org/@babel%2fhelper-validator-identifier set size:undefined disposed:false
655 http fetch GET 200 https://registry.npmjs.org/@babel%2fparser 287ms (cache miss)
656 silly packumentCache full:https://registry.npmjs.org/@babel%2fparser set size:undefined disposed:false
657 silly placeDep ROOT @babel/code-frame@7.27.1 OK for: @babel/traverse@7.28.5 want: ^7.27.1
658 silly placeDep ROOT @babel/generator@7.28.5 OK for: @babel/traverse@7.28.5 want: ^7.28.5
659 silly placeDep ROOT @babel/helper-globals@7.28.0 OK for: @babel/traverse@7.28.5 want: ^7.28.0
660 silly placeDep ROOT @babel/parser@7.28.5 OK for: @babel/traverse@7.28.5 want: ^7.28.5
661 silly placeDep ROOT @babel/template@7.27.2 OK for: @babel/traverse@7.28.5 want: ^7.27.2
662 silly placeDep ROOT debug@4.4.3 OK for: @babel/traverse@7.28.5 want: ^4.3.1
663 silly fetch manifest js-tokens@^4.0.0
664 silly packumentCache full:https://registry.npmjs.org/js-tokens cache-miss
665 silly fetch manifest picocolors@^1.1.1
666 silly packumentCache full:https://registry.npmjs.org/picocolors cache-miss
667 silly fetch manifest @babel/helper-validator-identifier@^7.27.1
668 silly packumentCache full:https://registry.npmjs.org/@babel%2fhelper-validator-identifier cache-miss
669 silly fetch manifest @jridgewell/gen-mapping@^0.3.12
670 silly packumentCache full:https://registry.npmjs.org/@jridgewell%2fgen-mapping cache-miss
671 silly fetch manifest @jridgewell/trace-mapping@^0.3.28
672 silly packumentCache full:https://registry.npmjs.org/@jridgewell%2ftrace-mapping cache-miss
673 silly fetch manifest jsesc@^3.0.2
674 silly packumentCache full:https://registry.npmjs.org/jsesc cache-miss
675 silly fetch manifest ms@^2.1.3
676 silly packumentCache full:https://registry.npmjs.org/ms cache-miss
677 http cache https://registry.npmjs.org/@babel%2fhelper-validator-identifier 39ms (cache hit)
678 silly packumentCache full:https://registry.npmjs.org/@babel%2fhelper-validator-identifier set size:108996 disposed:false
679 http fetch GET 200 https://registry.npmjs.org/js-tokens 106ms (cache miss)
680 silly packumentCache full:https://registry.npmjs.org/js-tokens set size:undefined disposed:false
681 http fetch GET 200 https://registry.npmjs.org/jsesc 117ms (cache miss)
682 silly packumentCache full:https://registry.npmjs.org/jsesc set size:undefined disposed:false
683 http fetch GET 200 https://registry.npmjs.org/picocolors 125ms (cache miss)
684 silly packumentCache full:https://registry.npmjs.org/picocolors set size:undefined disposed:false
685 http fetch GET 200 https://registry.npmjs.org/@jridgewell%2fgen-mapping 126ms (cache miss)
686 silly packumentCache full:https://registry.npmjs.org/@jridgewell%2fgen-mapping set size:undefined disposed:false
687 http fetch GET 200 https://registry.npmjs.org/ms 126ms (cache miss)
688 silly packumentCache full:https://registry.npmjs.org/ms set size:undefined disposed:false
689 http fetch GET 200 https://registry.npmjs.org/@jridgewell%2ftrace-mapping 162ms (cache miss)
690 silly packumentCache full:https://registry.npmjs.org/@jridgewell%2ftrace-mapping set size:undefined disposed:false
691 silly placeDep ROOT @babel/helper-validator-identifier@7.28.5 OK for: @babel/code-frame@7.27.1 want: ^7.27.1
692 silly placeDep ROOT js-tokens@4.0.0 OK for: @babel/code-frame@7.27.1 want: ^4.0.0
693 silly placeDep ROOT picocolors@1.1.1 OK for: @babel/code-frame@7.27.1 want: ^1.1.1
694 silly placeDep ROOT @jridgewell/gen-mapping@0.3.13 OK for: @babel/generator@7.28.5 want: ^0.3.12
695 silly placeDep ROOT @jridgewell/trace-mapping@0.3.31 OK for: @babel/generator@7.28.5 want: ^0.3.28
696 silly placeDep ROOT jsesc@3.1.0 OK for: @babel/generator@7.28.5 want: ^3.0.2
697 silly fetch manifest @jridgewell/sourcemap-codec@^1.5.0
698 silly packumentCache full:https://registry.npmjs.org/@jridgewell%2fsourcemap-codec cache-miss
699 silly fetch manifest @jridgewell/trace-mapping@^0.3.24
700 silly packumentCache full:https://registry.npmjs.org/@jridgewell%2ftrace-mapping cache-miss
701 silly fetch manifest @jridgewell/resolve-uri@^3.1.0
702 silly packumentCache full:https://registry.npmjs.org/@jridgewell%2fresolve-uri cache-miss
703 silly fetch manifest @jridgewell/sourcemap-codec@^1.4.14
704 silly packumentCache full:https://registry.npmjs.org/@jridgewell%2fsourcemap-codec cache-miss
705 http cache https://registry.npmjs.org/@jridgewell%2ftrace-mapping 16ms (cache hit)
706 silly packumentCache full:https://registry.npmjs.org/@jridgewell%2ftrace-mapping set size:170909 disposed:false
707 http fetch GET 200 https://registry.npmjs.org/@jridgewell%2fresolve-uri 108ms (cache miss)
708 silly packumentCache full:https://registry.npmjs.org/@jridgewell%2fresolve-uri set size:undefined disposed:false
709 http fetch GET 200 https://registry.npmjs.org/@jridgewell%2fsourcemap-codec 215ms (cache miss)
710 silly packumentCache full:https://registry.npmjs.org/@jridgewell%2fsourcemap-codec set size:undefined disposed:false
711 http fetch GET 200 https://registry.npmjs.org/@jridgewell%2fsourcemap-codec 222ms (cache miss)
712 silly packumentCache full:https://registry.npmjs.org/@jridgewell%2fsourcemap-codec set size:undefined disposed:false
713 silly placeDep ROOT @babel/helper-string-parser@7.27.1 OK for: @babel/types@7.28.5 want: ^7.27.1
714 silly placeDep ROOT @emotion/sheet@1.4.0 OK for: @emotion/cache@11.14.0 want: ^1.4.0
715 silly placeDep ROOT @emotion/unitless@0.10.0 OK for: @emotion/serialize@1.3.3 want: ^0.10.0
716 silly placeDep ROOT csstype@3.2.3 OK for: @emotion/serialize@1.3.3 want: ^3.0.2
717 silly placeDep ROOT @emotion/is-prop-valid@1.4.0 OK for: @emotion/styled@11.14.1 want: ^1.3.0
718 silly placeDep ROOT @jridgewell/sourcemap-codec@1.5.5 OK for: @jridgewell/gen-mapping@0.3.13 want: ^1.5.0
719 silly placeDep ROOT @jridgewell/resolve-uri@3.1.2 OK for: @jridgewell/trace-mapping@0.3.31 want: ^3.1.0
720 silly fetch manifest @types/react@^17.0.0 || ^18.0.0 || ^19.0.0
721 silly packumentCache full:https://registry.npmjs.org/@types%2freact cache-miss
722 http cache https://registry.npmjs.org/@types%2freact 28ms (cache hit)
723 silly packumentCache full:https://registry.npmjs.org/@types%2freact set size:2541992 disposed:false
724 silly fetch manifest react@^17.0.0 || ^18.0.0 || ^19.0.0
725 silly packumentCache full:https://registry.npmjs.org/react cache-miss
726 http cache https://registry.npmjs.org/react 45ms (cache hit)
727 silly packumentCache full:https://registry.npmjs.org/react set size:6287832 disposed:false
728 silly fetch manifest react-dom@^17.0.0 || ^18.0.0 || ^19.0.0
729 silly packumentCache full:https://registry.npmjs.org/react-dom cache-miss
730 http cache https://registry.npmjs.org/react-dom 64ms (cache hit)
731 silly packumentCache full:https://registry.npmjs.org/react-dom set size:8246867 disposed:false
732 silly placeDep ROOT @mui/core-downloads-tracker@5.18.0 OK for: @mui/material@5.18.0 want: ^5.18.0
733 silly placeDep ROOT @mui/types@7.2.24 OK for: @mui/material@5.18.0 want: ~7.2.15
734 silly placeDep ROOT @mui/utils@5.17.1 OK for: @mui/material@5.18.0 want: ^5.17.1
735 silly placeDep ROOT @popperjs/core@2.11.8 OK for: @mui/material@5.18.0 want: ^2.11.8
736 silly placeDep ROOT @types/react-transition-group@4.4.12 OK for: @mui/material@5.18.0 want: ^4.4.10
737 silly placeDep ROOT clsx@2.1.1 OK for: @mui/material@5.18.0 want: ^2.1.0
738 silly placeDep ROOT prop-types@15.8.1 OK for: @mui/material@5.18.0 want: ^15.8.1
739 silly placeDep ROOT react-is@19.2.0 OK for: @mui/material@5.18.0 want: ^19.0.0
740 silly placeDep ROOT react-transition-group@4.4.5 OK for: @mui/material@5.18.0 want: ^4.4.5
741 silly fetch manifest clsx@^2.1.1
742 silly packumentCache full:https://registry.npmjs.org/clsx cache-hit
743 silly fetch manifest @types/prop-types@^15.7.12
744 silly packumentCache full:https://registry.npmjs.org/@types%2fprop-types cache-miss
745 silly fetch manifest loose-envify@^1.4.0
746 silly packumentCache full:https://registry.npmjs.org/loose-envify cache-miss
747 silly fetch manifest object-assign@^4.1.1
748 silly packumentCache full:https://registry.npmjs.org/object-assign cache-miss
749 silly fetch manifest react-is@^16.13.1
750 silly packumentCache full:https://registry.npmjs.org/react-is cache-miss
751 silly fetch manifest dom-helpers@^5.0.1
752 silly packumentCache full:https://registry.npmjs.org/dom-helpers cache-miss
753 silly fetch manifest loose-envify@^1.4.0
754 silly packumentCache full:https://registry.npmjs.org/loose-envify cache-miss
755 http cache https://registry.npmjs.org/@types%2fprop-types 23ms (cache hit)
756 silly packumentCache full:https://registry.npmjs.org/@types%2fprop-types set size:53942 disposed:false
757 http cache https://registry.npmjs.org/loose-envify 28ms (cache hit)
758 silly packumentCache full:https://registry.npmjs.org/loose-envify set size:12559 disposed:false
759 http cache https://registry.npmjs.org/loose-envify 30ms (cache hit)
760 silly packumentCache full:https://registry.npmjs.org/loose-envify set size:12559 disposed:false
761 silly packumentCache full:https://registry.npmjs.org/loose-envify dispose
762 http cache https://registry.npmjs.org/react-is 55ms (cache hit)
763 silly packumentCache full:https://registry.npmjs.org/react-is set size:5098500 disposed:false
764 http fetch GET 200 https://registry.npmjs.org/dom-helpers 145ms (cache miss)
765 silly packumentCache full:https://registry.npmjs.org/dom-helpers set size:undefined disposed:false
766 http fetch GET 200 https://registry.npmjs.org/object-assign 163ms (cache miss)
767 silly packumentCache full:https://registry.npmjs.org/object-assign set size:undefined disposed:false
768 silly fetch manifest @emotion/react@^11.5.0
769 silly packumentCache full:https://registry.npmjs.org/@emotion%2freact cache-miss
770 http cache https://registry.npmjs.org/@emotion%2freact 14ms (cache hit)
771 silly packumentCache full:https://registry.npmjs.org/@emotion%2freact set size:196548 disposed:false
772 silly fetch manifest @emotion/styled@^11.3.0
773 silly packumentCache full:https://registry.npmjs.org/@emotion%2fstyled cache-miss
774 http cache https://registry.npmjs.org/@emotion%2fstyled 14ms (cache hit)
775 silly packumentCache full:https://registry.npmjs.org/@emotion%2fstyled set size:286397 disposed:false
776 silly placeDep ROOT @mui/private-theming@5.17.1 OK for: @mui/system@5.18.0 want: ^5.17.1
777 silly placeDep ROOT @mui/styled-engine@5.18.0 OK for: @mui/system@5.18.0 want: ^5.18.0
778 silly placeDep ROOT @types/prop-types@15.7.15 OK for: @mui/utils@5.17.1 want: ^15.7.12
779 silly fetch manifest @types/react@^17.0.0 || ^18.0.0
780 silly packumentCache full:https://registry.npmjs.org/@types%2freact cache-miss
781 http cache https://registry.npmjs.org/@types%2freact 27ms (cache hit)
782 silly packumentCache full:https://registry.npmjs.org/@types%2freact set size:2541992 disposed:false
783 silly fetch manifest react@^17.0.0 || ^18.0.0
784 silly packumentCache full:https://registry.npmjs.org/react cache-miss
785 http cache https://registry.npmjs.org/react 37ms (cache hit)
786 silly packumentCache full:https://registry.npmjs.org/react set size:6287832 disposed:false
787 silly fetch manifest react-dom@^17.0.0 || ^18.0.0
788 silly packumentCache full:https://registry.npmjs.org/react-dom cache-miss
789 http cache https://registry.npmjs.org/react-dom 74ms (cache hit)
790 silly packumentCache full:https://registry.npmjs.org/react-dom set size:8246867 disposed:false
791 silly placeDep ROOT @mui/base@5.0.0-dev.20240529-082515-213b5e33ab OK for: @mui/x-charts@6.19.8 want: ^5.0.0-beta.22
792 silly placeDep ROOT @react-spring/rafz@9.7.5 OK for: @mui/x-charts@6.19.8 want: ^9.7.3
793 silly placeDep ROOT @react-spring/web@9.7.5 OK for: @mui/x-charts@6.19.8 want: ^9.7.3
794 silly placeDep ROOT d3-color@3.1.0 OK for: @mui/x-charts@6.19.8 want: ^3.1.0
795 silly placeDep ROOT d3-scale@4.0.2 OK for: @mui/x-charts@6.19.8 want: ^4.0.2
796 silly placeDep ROOT d3-shape@3.2.0 OK for: @mui/x-charts@6.19.8 want: ^3.2.0
797 silly fetch manifest @mui/utils@^6.0.0-dev.20240529-082515-213b5e33ab
798 silly packumentCache full:https://registry.npmjs.org/@mui%2futils cache-hit
799 silly fetch manifest @floating-ui/react-dom@^2.0.8
800 silly packumentCache full:https://registry.npmjs.org/@floating-ui%2freact-dom cache-miss
801 silly fetch manifest @react-spring/core@~9.7.5
802 silly packumentCache full:https://registry.npmjs.org/@react-spring%2fcore cache-miss
803 silly fetch manifest @react-spring/types@~9.7.5
804 silly packumentCache full:https://registry.npmjs.org/@react-spring%2ftypes cache-miss
805 silly fetch manifest @react-spring/shared@~9.7.5
806 silly packumentCache full:https://registry.npmjs.org/@react-spring%2fshared cache-miss
807 silly fetch manifest @react-spring/animated@~9.7.5
808 silly packumentCache full:https://registry.npmjs.org/@react-spring%2fanimated cache-miss
809 silly fetch manifest d3-array@2.10.0 - 3
810 silly packumentCache full:https://registry.npmjs.org/d3-array cache-miss
811 silly fetch manifest d3-format@1 - 3
812 silly packumentCache full:https://registry.npmjs.org/d3-format cache-miss
813 http fetch GET 200 https://registry.npmjs.org/@react-spring%2ftypes 333ms (cache miss)
814 silly packumentCache full:https://registry.npmjs.org/@react-spring%2ftypes set size:undefined disposed:false
815 silly fetch manifest d3-interpolate@1.2.0 - 3
816 silly packumentCache full:https://registry.npmjs.org/d3-interpolate cache-miss
817 http fetch GET 200 https://registry.npmjs.org/@react-spring%2fshared 349ms (cache miss)
818 silly packumentCache full:https://registry.npmjs.org/@react-spring%2fshared set size:undefined disposed:false
819 silly fetch manifest d3-time@2.1.1 - 3
820 silly packumentCache full:https://registry.npmjs.org/d3-time cache-miss
821 http fetch GET 200 https://registry.npmjs.org/@react-spring%2fanimated 359ms (cache miss)
822 silly packumentCache full:https://registry.npmjs.org/@react-spring%2fanimated set size:undefined disposed:false
823 silly fetch manifest d3-time-format@2 - 4
824 silly packumentCache full:https://registry.npmjs.org/d3-time-format cache-miss
825 http fetch GET 200 https://registry.npmjs.org/d3-format 371ms (cache miss)
826 silly packumentCache full:https://registry.npmjs.org/d3-format set size:undefined disposed:false
827 silly fetch manifest d3-path@^3.1.0
828 silly packumentCache full:https://registry.npmjs.org/d3-path cache-miss
829 http fetch GET 200 https://registry.npmjs.org/d3-array 385ms (cache miss)
830 silly packumentCache full:https://registry.npmjs.org/d3-array set size:undefined disposed:false
831 http fetch GET 200 https://registry.npmjs.org/@react-spring%2fcore 397ms (cache miss)
832 silly packumentCache full:https://registry.npmjs.org/@react-spring%2fcore set size:undefined disposed:false
833 http fetch GET 200 https://registry.npmjs.org/@floating-ui%2freact-dom 416ms (cache miss)
834 silly packumentCache full:https://registry.npmjs.org/@floating-ui%2freact-dom set size:undefined disposed:false
835 http fetch GET 200 https://registry.npmjs.org/d3-time-format 100ms (cache miss)
836 silly packumentCache full:https://registry.npmjs.org/d3-time-format set size:undefined disposed:false
837 http fetch GET 200 https://registry.npmjs.org/d3-interpolate 142ms (cache miss)
838 silly packumentCache full:https://registry.npmjs.org/d3-interpolate set size:undefined disposed:false
839 http fetch GET 200 https://registry.npmjs.org/d3-time 166ms (cache miss)
840 silly packumentCache full:https://registry.npmjs.org/d3-time set size:undefined disposed:false
841 http fetch GET 200 https://registry.npmjs.org/d3-path 149ms (cache miss)
842 silly packumentCache full:https://registry.npmjs.org/d3-path set size:undefined disposed:false
843 silly placeDep ROOT @floating-ui/react-dom@2.1.6 OK for: @mui/base@5.0.0-dev.20240529-082515-213b5e33ab want: ^2.0.8
844 silly placeDep node_modules/@mui/base @mui/utils@6.4.9 OK for: @mui/base@5.0.0-dev.20240529-082515-213b5e33ab want: ^6.0.0-dev.20240529-082515-213b5e33ab
845 silly fetch manifest @floating-ui/dom@^1.7.4
846 silly packumentCache full:https://registry.npmjs.org/@floating-ui%2fdom cache-miss
847 http fetch GET 200 https://registry.npmjs.org/@floating-ui%2fdom 743ms (cache miss)
848 silly packumentCache full:https://registry.npmjs.org/@floating-ui%2fdom set size:undefined disposed:false
849 silly placeDep ROOT @floating-ui/dom@1.7.4 OK for: @floating-ui/react-dom@2.1.6 want: ^1.7.4
850 silly fetch manifest @floating-ui/core@^1.7.3
851 silly packumentCache full:https://registry.npmjs.org/@floating-ui%2fcore cache-miss
852 silly fetch manifest @floating-ui/utils@^0.2.10
853 silly packumentCache full:https://registry.npmjs.org/@floating-ui%2futils cache-miss
854 http fetch GET 200 https://registry.npmjs.org/@floating-ui%2futils 94ms (cache miss)
855 silly packumentCache full:https://registry.npmjs.org/@floating-ui%2futils set size:undefined disposed:false
856 http fetch GET 200 https://registry.npmjs.org/@floating-ui%2fcore 104ms (cache miss)
857 silly packumentCache full:https://registry.npmjs.org/@floating-ui%2fcore set size:undefined disposed:false
858 silly placeDep ROOT @floating-ui/core@1.7.3 OK for: @floating-ui/dom@1.7.4 want: ^1.7.3
859 silly placeDep ROOT @floating-ui/utils@0.2.10 OK for: @floating-ui/dom@1.7.4 want: ^0.2.10
860 silly placeDep ROOT reselect@4.1.8 OK for: @mui/x-data-grid@6.20.4 want: ^4.1.8
861 silly fetch manifest react@^16.8.0 || ^17.0.0 || ^18.0.0
862 silly packumentCache full:https://registry.npmjs.org/react cache-miss
863 http cache https://registry.npmjs.org/react 51ms (cache hit)
864 silly packumentCache full:https://registry.npmjs.org/react set size:6287832 disposed:false
865 silly placeDep ROOT @react-spring/animated@9.7.5 OK for: @react-spring/web@9.7.5 want: ~9.7.5
866 silly placeDep ROOT @react-spring/core@9.7.5 OK for: @react-spring/web@9.7.5 want: ~9.7.5
867 silly placeDep ROOT @react-spring/shared@9.7.5 OK for: @react-spring/web@9.7.5 want: ~9.7.5
868 silly placeDep ROOT @react-spring/types@9.7.5 OK for: @react-spring/web@9.7.5 want: ~9.7.5
869 silly placeDep ROOT follow-redirects@1.15.11 OK for: axios@1.13.2 want: ^1.15.6
870 silly placeDep ROOT form-data@4.0.5 OK for: axios@1.13.2 want: ^4.0.4
871 silly placeDep ROOT proxy-from-env@1.1.0 OK for: axios@1.13.2 want: ^1.1.0
872 silly fetch manifest asynckit@^0.4.0
873 silly packumentCache full:https://registry.npmjs.org/asynckit cache-miss
874 silly fetch manifest combined-stream@^1.0.8
875 silly packumentCache full:https://registry.npmjs.org/combined-stream cache-miss
876 silly fetch manifest es-set-tostringtag@^2.1.0
877 silly packumentCache full:https://registry.npmjs.org/es-set-tostringtag cache-miss
878 silly fetch manifest hasown@^2.0.2
879 silly packumentCache full:https://registry.npmjs.org/hasown cache-miss
880 silly fetch manifest mime-types@^2.1.12
881 silly packumentCache full:https://registry.npmjs.org/mime-types cache-miss
882 http fetch GET 200 https://registry.npmjs.org/combined-stream 233ms (cache miss)
883 silly packumentCache full:https://registry.npmjs.org/combined-stream set size:undefined disposed:false
884 http fetch GET 200 https://registry.npmjs.org/hasown 241ms (cache miss)
885 silly packumentCache full:https://registry.npmjs.org/hasown set size:undefined disposed:false
886 http fetch GET 200 https://registry.npmjs.org/es-set-tostringtag 247ms (cache miss)
887 silly packumentCache full:https://registry.npmjs.org/es-set-tostringtag set size:undefined disposed:false
888 http fetch GET 200 https://registry.npmjs.org/asynckit 253ms (cache miss)
889 silly packumentCache full:https://registry.npmjs.org/asynckit set size:undefined disposed:false
890 http fetch GET 200 https://registry.npmjs.org/mime-types 254ms (cache miss)
891 silly packumentCache full:https://registry.npmjs.org/mime-types set size:undefined disposed:false
892 silly placeDep ROOT cosmiconfig@7.1.0 OK for: babel-plugin-macros@3.1.0 want: ^7.0.0
893 silly placeDep ROOT resolve@1.22.11 OK for: babel-plugin-macros@3.1.0 want: ^1.19.0
894 silly fetch manifest @types/parse-json@^4.0.0
895 silly packumentCache full:https://registry.npmjs.org/@types%2fparse-json cache-miss
896 silly fetch manifest import-fresh@^3.2.1
897 silly packumentCache full:https://registry.npmjs.org/import-fresh cache-miss
898 silly fetch manifest parse-json@^5.0.0
899 silly packumentCache full:https://registry.npmjs.org/parse-json cache-miss
900 silly fetch manifest path-type@^4.0.0
901 silly packumentCache full:https://registry.npmjs.org/path-type cache-miss
902 silly fetch manifest yaml@^1.10.0
903 silly packumentCache full:https://registry.npmjs.org/yaml cache-miss
904 silly fetch manifest is-core-module@^2.16.1
905 silly packumentCache full:https://registry.npmjs.org/is-core-module cache-miss
906 silly fetch manifest path-parse@^1.0.7
907 silly packumentCache full:https://registry.npmjs.org/path-parse cache-miss
908 http fetch GET 200 https://registry.npmjs.org/import-fresh 333ms (cache miss)
909 silly packumentCache full:https://registry.npmjs.org/import-fresh set size:undefined disposed:false
910 silly fetch manifest supports-preserve-symlinks-flag@^1.0.0
911 silly packumentCache full:https://registry.npmjs.org/supports-preserve-symlinks-flag cache-miss
912 http fetch GET 200 https://registry.npmjs.org/path-parse 335ms (cache miss)
913 silly packumentCache full:https://registry.npmjs.org/path-parse set size:undefined disposed:false
914 http fetch GET 200 https://registry.npmjs.org/@types%2fparse-json 341ms (cache miss)
915 silly packumentCache full:https://registry.npmjs.org/@types%2fparse-json set size:undefined disposed:false
916 http fetch GET 200 https://registry.npmjs.org/parse-json 359ms (cache miss)
917 silly packumentCache full:https://registry.npmjs.org/parse-json set size:undefined disposed:false
918 http fetch GET 200 https://registry.npmjs.org/path-type 363ms (cache miss)
919 silly packumentCache full:https://registry.npmjs.org/path-type set size:undefined disposed:false
920 http fetch GET 200 https://registry.npmjs.org/is-core-module 367ms (cache miss)
921 silly packumentCache full:https://registry.npmjs.org/is-core-module set size:undefined disposed:false
922 http fetch GET 200 https://registry.npmjs.org/yaml 381ms (cache miss)
923 silly packumentCache full:https://registry.npmjs.org/yaml set size:undefined disposed:false
924 http fetch GET 200 https://registry.npmjs.org/supports-preserve-symlinks-flag 82ms (cache miss)
925 silly packumentCache full:https://registry.npmjs.org/supports-preserve-symlinks-flag set size:undefined disposed:false
926 silly placeDep ROOT @types/parse-json@4.0.2 OK for: cosmiconfig@7.1.0 want: ^4.0.0
927 silly placeDep ROOT import-fresh@3.3.1 OK for: cosmiconfig@7.1.0 want: ^3.2.1
928 silly placeDep ROOT parse-json@5.2.0 OK for: cosmiconfig@7.1.0 want: ^5.0.0
929 silly placeDep ROOT path-type@4.0.0 OK for: cosmiconfig@7.1.0 want: ^4.0.0
930 silly placeDep ROOT yaml@1.10.2 OK for: cosmiconfig@7.1.0 want: ^1.10.0
931 silly fetch manifest parent-module@^1.0.0
932 silly packumentCache full:https://registry.npmjs.org/parent-module cache-miss
933 silly fetch manifest resolve-from@^4.0.0
934 silly packumentCache full:https://registry.npmjs.org/resolve-from cache-miss
935 silly fetch manifest error-ex@^1.3.1
936 silly packumentCache full:https://registry.npmjs.org/error-ex cache-miss
937 silly fetch manifest lines-and-columns@^1.1.6
938 silly packumentCache full:https://registry.npmjs.org/lines-and-columns cache-miss
939 silly fetch manifest json-parse-even-better-errors@^2.3.0
940 silly packumentCache full:https://registry.npmjs.org/json-parse-even-better-errors cache-miss
941 http fetch GET 200 https://registry.npmjs.org/resolve-from 112ms (cache miss)
942 silly packumentCache full:https://registry.npmjs.org/resolve-from set size:undefined disposed:false
943 http fetch GET 200 https://registry.npmjs.org/error-ex 118ms (cache miss)
944 silly packumentCache full:https://registry.npmjs.org/error-ex set size:undefined disposed:false
945 http fetch GET 200 https://registry.npmjs.org/parent-module 122ms (cache miss)
946 silly packumentCache full:https://registry.npmjs.org/parent-module set size:undefined disposed:false
947 http fetch GET 200 https://registry.npmjs.org/json-parse-even-better-errors 123ms (cache miss)
948 silly packumentCache full:https://registry.npmjs.org/json-parse-even-better-errors set size:undefined disposed:false
949 http fetch GET 200 https://registry.npmjs.org/lines-and-columns 129ms (cache miss)
950 silly packumentCache full:https://registry.npmjs.org/lines-and-columns set size:undefined disposed:false
951 silly placeDep ROOT d3-array@3.2.4 OK for: d3-scale@4.0.2 want: 2.10.0 - 3
952 silly placeDep ROOT d3-format@3.1.0 OK for: d3-scale@4.0.2 want: 1 - 3
953 silly placeDep ROOT d3-interpolate@3.0.1 OK for: d3-scale@4.0.2 want: 1.2.0 - 3
954 silly placeDep ROOT d3-time@3.1.0 OK for: d3-scale@4.0.2 want: 2.1.1 - 3
955 silly placeDep ROOT d3-time-format@4.1.0 OK for: d3-scale@4.0.2 want: 2 - 4
956 silly fetch manifest internmap@1 - 2
957 silly packumentCache full:https://registry.npmjs.org/internmap cache-miss
958 http fetch GET 200 https://registry.npmjs.org/internmap 925ms (cache miss)
959 silly packumentCache full:https://registry.npmjs.org/internmap set size:undefined disposed:false
960 silly placeDep ROOT internmap@2.0.3 OK for: d3-array@3.2.4 want: 1 - 2
961 silly placeDep ROOT d3-path@3.1.0 OK for: d3-shape@3.2.0 want: ^3.1.0
962 silly placeDep ROOT ms@2.1.3 OK for: debug@4.4.3 want: ^2.1.3
963 silly placeDep ROOT asynckit@0.4.0 OK for: form-data@4.0.5 want: ^0.4.0
964 silly placeDep ROOT combined-stream@1.0.8 OK for: form-data@4.0.5 want: ^1.0.8
965 silly placeDep ROOT es-set-tostringtag@2.1.0 OK for: form-data@4.0.5 want: ^2.1.0
966 silly placeDep ROOT hasown@2.0.2 OK for: form-data@4.0.5 want: ^2.0.2
967 silly placeDep ROOT mime-types@2.1.35 OK for: form-data@4.0.5 want: ^2.1.12
968 silly fetch manifest delayed-stream@~1.0.0
969 silly packumentCache full:https://registry.npmjs.org/delayed-stream cache-miss
970 silly fetch manifest es-errors@^1.3.0
971 silly packumentCache full:https://registry.npmjs.org/es-errors cache-miss
972 silly fetch manifest get-intrinsic@^1.2.6
973 silly packumentCache full:https://registry.npmjs.org/get-intrinsic cache-miss
974 silly fetch manifest has-tostringtag@^1.0.2
975 silly packumentCache full:https://registry.npmjs.org/has-tostringtag cache-miss
976 silly fetch manifest function-bind@^1.1.2
977 silly packumentCache full:https://registry.npmjs.org/function-bind cache-miss
978 silly fetch manifest mime-db@1.52.0
979 silly packumentCache full:https://registry.npmjs.org/mime-db cache-miss
980 http fetch GET 200 https://registry.npmjs.org/delayed-stream 96ms (cache miss)
981 silly packumentCache full:https://registry.npmjs.org/delayed-stream set size:undefined disposed:false
982 http fetch GET 200 https://registry.npmjs.org/function-bind 115ms (cache miss)
983 silly packumentCache full:https://registry.npmjs.org/function-bind set size:undefined disposed:false
984 http fetch GET 200 https://registry.npmjs.org/has-tostringtag 122ms (cache miss)
985 silly packumentCache full:https://registry.npmjs.org/has-tostringtag set size:undefined disposed:false
986 http fetch GET 200 https://registry.npmjs.org/get-intrinsic 128ms (cache miss)
987 silly packumentCache full:https://registry.npmjs.org/get-intrinsic set size:undefined disposed:false
988 http fetch GET 200 https://registry.npmjs.org/mime-db 134ms (cache miss)
989 silly packumentCache full:https://registry.npmjs.org/mime-db set size:undefined disposed:false
990 http fetch GET 200 https://registry.npmjs.org/es-errors 986ms (cache miss)
991 silly packumentCache full:https://registry.npmjs.org/es-errors set size:undefined disposed:false
992 silly placeDep ROOT delayed-stream@1.0.0 OK for: combined-stream@1.0.8 want: ~1.0.0
993 silly placeDep ROOT es-errors@1.3.0 OK for: es-set-tostringtag@2.1.0 want: ^1.3.0
994 silly placeDep ROOT get-intrinsic@1.3.0 OK for: es-set-tostringtag@2.1.0 want: ^1.2.6
995 silly placeDep ROOT has-tostringtag@1.0.2 OK for: es-set-tostringtag@2.1.0 want: ^1.0.2
996 silly fetch manifest gopd@^1.2.0
997 silly packumentCache full:https://registry.npmjs.org/gopd cache-miss
998 silly fetch manifest get-proto@^1.0.1
999 silly packumentCache full:https://registry.npmjs.org/get-proto cache-miss
1000 silly fetch manifest has-symbols@^1.1.0
1001 silly packumentCache full:https://registry.npmjs.org/has-symbols cache-miss
1002 silly fetch manifest es-object-atoms@^1.1.1
1003 silly packumentCache full:https://registry.npmjs.org/es-object-atoms cache-miss
1004 silly fetch manifest math-intrinsics@^1.1.0
1005 silly packumentCache full:https://registry.npmjs.org/math-intrinsics cache-miss
1006 silly fetch manifest es-define-property@^1.0.1
1007 silly packumentCache full:https://registry.npmjs.org/es-define-property cache-miss
1008 silly fetch manifest call-bind-apply-helpers@^1.0.2
1009 silly packumentCache full:https://registry.npmjs.org/call-bind-apply-helpers cache-miss
1010 http fetch GET 200 https://registry.npmjs.org/get-proto 198ms (cache miss)
1011 silly packumentCache full:https://registry.npmjs.org/get-proto set size:undefined disposed:false
1012 silly fetch manifest has-symbols@^1.0.3
1013 silly packumentCache full:https://registry.npmjs.org/has-symbols cache-miss
1014 http fetch GET 200 https://registry.npmjs.org/es-object-atoms 225ms (cache miss)
1015 silly packumentCache full:https://registry.npmjs.org/es-object-atoms set size:undefined disposed:false
1016 http fetch GET 200 https://registry.npmjs.org/gopd 237ms (cache miss)
1017 silly packumentCache full:https://registry.npmjs.org/gopd set size:undefined disposed:false
1018 http fetch GET 200 https://registry.npmjs.org/es-define-property 221ms (cache miss)
1019 silly packumentCache full:https://registry.npmjs.org/es-define-property set size:undefined disposed:false
1020 http fetch GET 200 https://registry.npmjs.org/math-intrinsics 231ms (cache miss)
1021 silly packumentCache full:https://registry.npmjs.org/math-intrinsics set size:undefined disposed:false
1022 http fetch GET 200 https://registry.npmjs.org/call-bind-apply-helpers 209ms (cache miss)
1023 silly packumentCache full:https://registry.npmjs.org/call-bind-apply-helpers set size:undefined disposed:false
1024 http fetch GET 200 https://registry.npmjs.org/has-symbols 242ms (cache miss)
1025 silly packumentCache full:https://registry.npmjs.org/has-symbols set size:undefined disposed:false
1026 http fetch GET 200 https://registry.npmjs.org/has-symbols 114ms (cache miss)
1027 silly packumentCache full:https://registry.npmjs.org/has-symbols set size:undefined disposed:false
1028 silly placeDep ROOT call-bind-apply-helpers@1.0.2 OK for: get-intrinsic@1.3.0 want: ^1.0.2
1029 silly placeDep ROOT es-define-property@1.0.1 OK for: get-intrinsic@1.3.0 want: ^1.0.1
1030 silly placeDep ROOT es-object-atoms@1.1.1 OK for: get-intrinsic@1.3.0 want: ^1.1.1
1031 silly placeDep ROOT function-bind@1.1.2 OK for: get-intrinsic@1.3.0 want: ^1.1.2
1032 silly placeDep ROOT get-proto@1.0.1 OK for: get-intrinsic@1.3.0 want: ^1.0.1
1033 silly placeDep ROOT gopd@1.2.0 OK for: get-intrinsic@1.3.0 want: ^1.2.0
1034 silly placeDep ROOT has-symbols@1.1.0 OK for: get-intrinsic@1.3.0 want: ^1.1.0
1035 silly placeDep ROOT math-intrinsics@1.1.0 OK for: get-intrinsic@1.3.0 want: ^1.1.0
1036 silly fetch manifest dunder-proto@^1.0.1
1037 silly packumentCache full:https://registry.npmjs.org/dunder-proto cache-miss
1038 http fetch GET 200 https://registry.npmjs.org/dunder-proto 81ms (cache miss)
1039 silly packumentCache full:https://registry.npmjs.org/dunder-proto set size:undefined disposed:false
1040 silly placeDep ROOT dunder-proto@1.0.1 OK for: get-proto@1.0.1 want: ^1.0.1
1041 silly placeDep node_modules/hoist-non-react-statics react-is@16.13.1 OK for: hoist-non-react-statics@3.3.2 want: ^16.7.0
1042 silly placeDep ROOT parent-module@1.0.1 OK for: import-fresh@3.3.1 want: ^1.0.0
1043 silly placeDep ROOT resolve-from@4.0.0 OK for: import-fresh@3.3.1 want: ^4.0.0
1044 silly fetch manifest callsites@^3.0.0
1045 silly packumentCache full:https://registry.npmjs.org/callsites cache-miss
1046 http fetch GET 200 https://registry.npmjs.org/callsites 97ms (cache miss)
1047 silly packumentCache full:https://registry.npmjs.org/callsites set size:undefined disposed:false
1048 silly placeDep ROOT mime-db@1.52.0 OK for: mime-types@2.1.35 want: 1.52.0
1049 silly placeDep ROOT callsites@3.1.0 OK for: parent-module@1.0.1 want: ^3.0.0
1050 silly placeDep ROOT error-ex@1.3.4 OK for: parse-json@5.2.0 want: ^1.3.1
1051 silly placeDep ROOT json-parse-even-better-errors@2.3.1 OK for: parse-json@5.2.0 want: ^2.3.0
1052 silly placeDep ROOT lines-and-columns@1.2.4 OK for: parse-json@5.2.0 want: ^1.1.6
1053 silly fetch manifest is-arrayish@^0.2.1
1054 silly packumentCache full:https://registry.npmjs.org/is-arrayish cache-miss
1055 http fetch GET 200 https://registry.npmjs.org/is-arrayish 71ms (cache miss)
1056 silly packumentCache full:https://registry.npmjs.org/is-arrayish set size:undefined disposed:false
1057 silly placeDep ROOT is-arrayish@0.2.1 OK for: error-ex@1.3.4 want: ^0.2.1
1058 silly placeDep ROOT loose-envify@1.4.0 OK for: prop-types@15.8.1 want: ^1.4.0
1059 silly placeDep ROOT object-assign@4.1.1 OK for: prop-types@15.8.1 want: ^4.1.1
1060 silly placeDep node_modules/prop-types react-is@16.13.1 OK for: prop-types@15.8.1 want: ^16.13.1
1061 silly placeDep ROOT scheduler@0.23.2 OK for: react-dom@18.3.1 want: ^0.23.2
1062 silly fetch manifest react@>=16.8
1063 silly packumentCache full:https://registry.npmjs.org/react cache-miss
1064 http cache https://registry.npmjs.org/react 48ms (cache hit)
1065 silly packumentCache full:https://registry.npmjs.org/react set size:6287832 disposed:false
1066 silly placeDep ROOT @remix-run/router@1.23.1 OK for: react-router-dom@6.30.2 want: 1.23.1
1067 silly placeDep ROOT react-router@6.30.2 OK for: react-router-dom@6.30.2 want: 6.30.2
1068 silly fetch manifest node-notifier@^8.0.1 || ^9.0.0 || ^10.0.0
1069 silly packumentCache full:https://registry.npmjs.org/node-notifier cache-miss
1070 http fetch GET 200 https://registry.npmjs.org/node-notifier 127ms (cache miss)
1071 silly packumentCache full:https://registry.npmjs.org/node-notifier set size:undefined disposed:false
1072 silly fetch manifest @rspack/core@0.x || 1.x
1073 silly packumentCache full:https://registry.npmjs.org/@rspack%2fcore cache-miss
1074 http fetch GET 200 https://registry.npmjs.org/@rspack%2fcore 245ms (cache miss)
1075 silly packumentCache full:https://registry.npmjs.org/@rspack%2fcore set size:undefined disposed:false
1076 silly fetch manifest @swc/helpers@>=0.5.1
1077 silly packumentCache full:https://registry.npmjs.org/@swc%2fhelpers cache-miss
1078 http fetch GET 200 https://registry.npmjs.org/@swc%2fhelpers 143ms (cache miss)
1079 silly packumentCache full:https://registry.npmjs.org/@swc%2fhelpers set size:undefined disposed:false
1080 silly fetch manifest fibers@>= 3.1.0
1081 silly packumentCache full:https://registry.npmjs.org/fibers cache-miss
1082 http fetch GET 200 https://registry.npmjs.org/fibers 91ms (cache miss)
1083 silly packumentCache full:https://registry.npmjs.org/fibers set size:undefined disposed:false
1084 silly fetch manifest node-sass@^4.0.0 || ^5.0.0 || ^6.0.0 || ^7.0.0
1085 silly packumentCache full:https://registry.npmjs.org/node-sass cache-miss
1086 http fetch GET 200 https://registry.npmjs.org/node-sass 89ms (cache miss)
1087 silly packumentCache full:https://registry.npmjs.org/node-sass set size:undefined disposed:false
1088 silly fetch manifest sass@^1.3.0
1089 silly packumentCache full:https://registry.npmjs.org/sass cache-miss
1090 http fetch GET 200 https://registry.npmjs.org/sass 97ms (cache miss)
1091 silly packumentCache full:https://registry.npmjs.org/sass set size:undefined disposed:false
1092 silly fetch manifest sass-embedded@*
1093 silly packumentCache full:https://registry.npmjs.org/sass-embedded cache-miss
1094 http fetch GET 200 https://registry.npmjs.org/sass-embedded 92ms (cache miss)
1095 silly packumentCache full:https://registry.npmjs.org/sass-embedded set size:undefined disposed:false
1096 silly fetch manifest rework@1.0.1
1097 silly packumentCache full:https://registry.npmjs.org/rework cache-miss
1098 http fetch GET 200 https://registry.npmjs.org/rework 949ms (cache miss)
1099 silly packumentCache full:https://registry.npmjs.org/rework set size:undefined disposed:false
1100 silly fetch manifest rework-visit@1.0.0
1101 silly packumentCache full:https://registry.npmjs.org/rework-visit cache-miss
1102 http fetch GET 200 https://registry.npmjs.org/rework-visit 98ms (cache miss)
1103 silly packumentCache full:https://registry.npmjs.org/rework-visit set size:undefined disposed:false
1104 silly fetch manifest @types/webpack@4.x || 5.x
1105 silly packumentCache full:https://registry.npmjs.org/@types%2fwebpack cache-miss
1106 http fetch GET 200 https://registry.npmjs.org/@types%2fwebpack 139ms (cache miss)
1107 silly packumentCache full:https://registry.npmjs.org/@types%2fwebpack set size:undefined disposed:false
1108 silly fetch manifest sockjs-client@^1.4.0
1109 silly packumentCache full:https://registry.npmjs.org/sockjs-client cache-miss
1110 http fetch GET 200 https://registry.npmjs.org/sockjs-client 107ms (cache miss)
1111 silly packumentCache full:https://registry.npmjs.org/sockjs-client set size:undefined disposed:false
1112 silly fetch manifest type-fest@>=0.17.0 <5.0.0
1113 silly packumentCache full:https://registry.npmjs.org/type-fest cache-miss
1114 http fetch GET 200 https://registry.npmjs.org/type-fest 189ms (cache miss)
1115 silly packumentCache full:https://registry.npmjs.org/type-fest set size:undefined disposed:false
1116 silly fetch manifest webpack-hot-middleware@2.x
1117 silly packumentCache full:https://registry.npmjs.org/webpack-hot-middleware cache-miss
1118 http fetch GET 200 https://registry.npmjs.org/webpack-hot-middleware 74ms (cache miss)
1119 silly packumentCache full:https://registry.npmjs.org/webpack-hot-middleware set size:undefined disposed:false
1120 silly fetch manifest webpack-plugin-serve@0.x || 1.x
1121 silly packumentCache full:https://registry.npmjs.org/webpack-plugin-serve cache-miss
1122 http fetch GET 200 https://registry.npmjs.org/webpack-plugin-serve 115ms (cache miss)
1123 silly packumentCache full:https://registry.npmjs.org/webpack-plugin-serve set size:undefined disposed:false
1124 silly placeDep ROOT @babel/core@7.28.5 OK for: react-scripts@5.0.1 want: ^7.16.0
1125 silly placeDep ROOT @pmmmwh/react-refresh-webpack-plugin@0.5.17 OK for: react-scripts@5.0.1 want: ^0.5.3
1126 silly placeDep ROOT webpack@5.103.0 OK for: @pmmmwh/react-refresh-webpack-plugin@0.5.17 want: >=4.43.0 <6.0.0
1127 silly placeDep ROOT react-refresh@0.11.0 OK for: @pmmmwh/react-refresh-webpack-plugin@0.5.17 want: >=0.10.0 <1.0.0
1128 silly placeDep ROOT @svgr/webpack@5.5.0 OK for: react-scripts@5.0.1 want: ^5.5.0
1129 silly placeDep ROOT babel-jest@27.5.1 OK for: react-scripts@5.0.1 want: ^27.4.2
1130 silly placeDep ROOT babel-loader@8.4.1 OK for: react-scripts@5.0.1 want: ^8.2.3
1131 silly placeDep ROOT babel-plugin-named-asset-import@0.3.8 OK for: react-scripts@5.0.1 want: ^0.3.8
1132 silly placeDep ROOT babel-preset-react-app@10.1.0 OK for: react-scripts@5.0.1 want: ^10.0.1
1133 silly placeDep ROOT bfj@7.1.0 OK for: react-scripts@5.0.1 want: ^7.0.2
1134 silly placeDep ROOT browserslist@4.28.0 OK for: react-scripts@5.0.1 want: ^4.18.1
1135 silly placeDep ROOT camelcase@6.3.0 OK for: react-scripts@5.0.1 want: ^6.2.1
1136 silly placeDep ROOT case-sensitive-paths-webpack-plugin@2.4.0 OK for: react-scripts@5.0.1 want: ^2.4.0
1137 silly placeDep ROOT css-loader@6.11.0 OK for: react-scripts@5.0.1 want: ^6.5.1
1138 silly placeDep ROOT css-minimizer-webpack-plugin@3.4.1 OK for: react-scripts@5.0.1 want: ^3.2.0
1139 silly placeDep ROOT dotenv@10.0.0 OK for: react-scripts@5.0.1 want: ^10.0.0
1140 silly placeDep ROOT dotenv-expand@5.1.0 OK for: react-scripts@5.0.1 want: ^5.1.0
1141 silly placeDep ROOT eslint@8.57.1 OK for: react-scripts@5.0.1 want: ^8.3.0
1142 silly placeDep ROOT eslint-config-react-app@7.0.1 OK for: react-scripts@5.0.1 want: ^7.0.1
1143 silly placeDep ROOT eslint-webpack-plugin@3.2.0 OK for: react-scripts@5.0.1 want: ^3.1.1
1144 silly placeDep ROOT file-loader@6.2.0 OK for: react-scripts@5.0.1 want: ^6.2.0
1145 silly placeDep ROOT fs-extra@10.1.0 OK for: react-scripts@5.0.1 want: ^10.0.0
1146 silly placeDep ROOT fsevents@2.3.3 OK for: react-scripts@5.0.1 want: ^2.3.2
1147 silly placeDep ROOT html-webpack-plugin@5.6.5 OK for: react-scripts@5.0.1 want: ^5.5.0
1148 silly placeDep ROOT identity-obj-proxy@3.0.0 OK for: react-scripts@5.0.1 want: ^3.0.0
1149 silly placeDep ROOT jest@27.5.1 OK for: react-scripts@5.0.1 want: ^27.4.3
1150 silly placeDep ROOT jest-resolve@27.5.1 OK for: react-scripts@5.0.1 want: ^27.4.2
1151 silly placeDep ROOT jest-watch-typeahead@1.1.0 OK for: react-scripts@5.0.1 want: ^1.0.0
1152 silly placeDep ROOT mini-css-extract-plugin@2.9.4 OK for: react-scripts@5.0.1 want: ^2.4.5
1153 silly placeDep ROOT postcss@8.5.6 OK for: react-scripts@5.0.1 want: ^8.4.4
1154 silly placeDep ROOT postcss-flexbugs-fixes@5.0.2 OK for: react-scripts@5.0.1 want: ^5.0.2
1155 silly placeDep ROOT postcss-loader@6.2.1 OK for: react-scripts@5.0.1 want: ^6.2.1
1156 silly placeDep ROOT postcss-normalize@10.0.1 OK for: react-scripts@5.0.1 want: ^10.0.1
1157 silly placeDep ROOT postcss-preset-env@7.8.3 OK for: react-scripts@5.0.1 want: ^7.0.1
1158 silly placeDep ROOT prompts@2.4.2 OK for: react-scripts@5.0.1 want: ^2.4.2
1159 silly placeDep ROOT react-app-polyfill@3.0.0 OK for: react-scripts@5.0.1 want: ^3.0.0
1160 silly placeDep ROOT react-dev-utils@12.0.1 OK for: react-scripts@5.0.1 want: ^12.0.1
1161 silly placeDep ROOT resolve-url-loader@4.0.0 OK for: react-scripts@5.0.1 want: ^4.0.0
1162 silly placeDep ROOT sass-loader@12.6.0 OK for: react-scripts@5.0.1 want: ^12.3.0
1163 silly placeDep ROOT semver@7.7.3 OK for: react-scripts@5.0.1 want: ^7.3.5
1164 silly placeDep ROOT source-map-loader@3.0.2 OK for: react-scripts@5.0.1 want: ^3.0.0
1165 silly placeDep ROOT style-loader@3.3.4 OK for: react-scripts@5.0.1 want: ^3.3.1
1166 silly placeDep ROOT tailwindcss@3.4.18 OK for: react-scripts@5.0.1 want: ^3.0.2
1167 silly placeDep ROOT terser-webpack-plugin@5.3.14 OK for: react-scripts@5.0.1 want: ^5.2.5
1168 verbose stack Error: could not resolve
1168 verbose stack     at PlaceDep.failPeerConflict (C:\Program Files\nodejs\node_modules\npm\node_modules\@npmcli\arborist\lib\place-dep.js:503:25)
1168 verbose stack     at new PlaceDep (C:\Program Files\nodejs\node_modules\npm\node_modules\@npmcli\arborist\lib\place-dep.js:157:21)
1168 verbose stack     at #buildDepStep (C:\Program Files\nodejs\node_modules\npm\node_modules\@npmcli\arborist\lib\arborist\build-ideal-tree.js:920:18)
1168 verbose stack     at async Arborist.buildIdealTree (C:\Program Files\nodejs\node_modules\npm\node_modules\@npmcli\arborist\lib\arborist\build-ideal-tree.js:181:7)
1168 verbose stack     at async Promise.all (index 1)
1168 verbose stack     at async Arborist.reify (C:\Program Files\nodejs\node_modules\npm\node_modules\@npmcli\arborist\lib\arborist\reify.js:131:5)
1168 verbose stack     at async Install.exec (C:\Program Files\nodejs\node_modules\npm\lib\commands\install.js:150:5)
1168 verbose stack     at async Npm.exec (C:\Program Files\nodejs\node_modules\npm\lib\npm.js:207:9)
1168 verbose stack     at async module.exports (C:\Program Files\nodejs\node_modules\npm\lib\cli\entry.js:74:5)
1169 error code ERESOLVE
1170 error ERESOLVE could not resolve
1171 error
1172 error While resolving: react-scripts@5.0.1
1172 error Found: typescript@5.9.3[2m[22m
1172 error [2mnode_modules/typescript[22m
1172 error   [34mdev[39m typescript@"^5.3.2" from the root project
1172 error
1172 error Could not resolve dependency:
1172 error peerOptional typescript@"^3.2.1 || ^4" from react-scripts@5.0.1[2m[22m
1172 error [2mnode_modules/react-scripts[22m
1172 error   react-scripts@"5.0.1" from the root project
1172 error
1172 error Conflicting peer dependency: typescript@4.9.5[2m[22m
1172 error [2mnode_modules/typescript[22m
1172 error   peerOptional typescript@"^3.2.1 || ^4" from react-scripts@5.0.1[2m[22m
1172 error   [2mnode_modules/react-scripts[22m
1172 error     react-scripts@"5.0.1" from the root project
1172 error
1172 error Fix the upstream dependency conflict, or retry
1172 error this command with --force or --legacy-peer-deps
1172 error to accept an incorrect (and potentially broken) dependency resolution.
1173 error
1173 error
1173 error For a full report see:
1173 error C:\Users\DELL\Desktop\enterprise\enterprise-ai-platform\frontend\%AppData%\npm-cache\_logs\2025-12-02T12_14_47_663Z-eresolve-report.txt
1174 silly unfinished npm timer reify 1764677689080
1175 silly unfinished npm timer reify:loadTrees 1764677689082
1176 silly unfinished npm timer idealTree:buildDeps 1764677689114
1177 silly unfinished npm timer idealTree:node_modules/react-scripts 1764677710162
1178 verbose cwd C:\Users\DELL\Desktop\enterprise\enterprise-ai-platform\frontend
1179 verbose os Windows_NT 10.0.26200
1180 verbose node v22.15.0
1181 verbose npm  v10.9.2
1182 notice
1182 notice New [31mmajor[39m version of npm available! [31m10.9.2[39m -> [34m11.6.4[39m
1182 notice Changelog: [34mhttps://github.com/npm/cli/releases/tag/v11.6.4[39m
1182 notice To update run: [4mnpm install -g npm@11.6.4[24m
1182 notice  { force: true, [Symbol(proc-log.meta)]: true }
1183 verbose exit 1
1184 verbose code 1
1185 error A complete log of this run can be found in: C:\Users\DELL\Desktop\enterprise\enterprise-ai-platform\frontend\%AppData%\npm-cache\_logs\2025-12-02T12_14_47_663Z-debug-0.log
