0 verbose cli C:\Program Files\nodejs\node.exe C:\Program Files\nodejs\node_modules\npm\bin\npm-cli.js
1 info using npm@10.9.2
2 info using node@v22.15.0
3 silly config load:file:C:\Program Files\nodejs\node_modules\npm\npmrc
4 silly config load:file:C:\Users\DELL\.npmrc
5 silly config load:file:C:\Users\DELL\AppData\Roaming\npm\etc\npmrc
6 verbose title npm install npm@11.6.4
7 verbose argv "install" "--global" "npm@11.6.4"
8 verbose logfile logs-max:10 dir:C:\Users\DELL\Desktop\enterprise\enterprise-ai-platform\frontend\%AppData%\npm-cache\_logs\2025-12-02T12_15_41_357Z-
9 verbose logfile C:\Users\DELL\Desktop\enterprise\enterprise-ai-platform\frontend\%AppData%\npm-cache\_logs\2025-12-02T12_15_41_357Z-debug-0.log
10 silly logfile done cleaning log files
11 http fetch GET 200 https://registry.npmjs.org/npm 1703ms (cache miss)
12 silly packumentCache heap:2197815296 maxSize:549453824 maxEntrySize:274726912
13 silly idealTree buildDeps
14 silly fetch manifest npm@11.6.4
15 silly packumentCache full:https://registry.npmjs.org/npm cache-miss
16 http fetch GET 200 https://registry.npmjs.org/npm 1972ms (cache miss)
17 silly packumentCache full:https://registry.npmjs.org/npm set size:undefined disposed:false
18 silly placeDep ROOT npm@11.6.4 OK for:  want: 11.6.4
19 silly reify moves {}
20 http cache npm@https://registry.npmjs.org/npm/-/npm-11.6.4.tgz 0ms (cache hit)
21 silly tarball no local data for npm@https://registry.npmjs.org/npm/-/npm-11.6.4.tgz. Extracting by manifest.
22 http fetch GET 200 https://registry.npmjs.org/npm/-/npm-11.6.4.tgz 11474ms (cache miss)
23 silly ADD node_modules/npm
24 verbose cwd C:\Users\DELL\Desktop\enterprise\enterprise-ai-platform\frontend
25 verbose os Windows_NT 10.0.26200
26 verbose node v22.15.0
27 verbose npm  v10.9.2
28 verbose exit 0
29 info ok
